2020-10-08 12:33:46,729 INFO 11516 [egg-logrotator] app logger reload: got log-reload message
2020-10-08 16:58:52,713 INFO 11516 [-/127.0.0.1/-/0ms SCHEDULE /__schedule?path=/Users/lxd/Desktop/mine/egg-example/node_modules/egg-multipart/app/schedule/clean_tmpdir.js&type=worker&cron=0%2030%204%20*%20*%20*&immediate=false] [egg-multipart:CleanTmpdir] start clean tmpdir: "/var/folders/v6/0ml110k91zn0lbf0f1mhvf_80000gn/T/egg-multipart-tmp/egg-demo"
2020-10-08 16:58:52,717 INFO 11516 [-/127.0.0.1/-/3ms SCHEDULE /__schedule?path=/Users/lxd/Desktop/mine/egg-example/node_modules/egg-multipart/app/schedule/clean_tmpdir.js&type=worker&cron=0%2030%204%20*%20*%20*&immediate=false] [egg-multipart:CleanTmpdir] end
2020-10-08 22:51:47,198 WARN 11516 [ClusterClient:Watcher] follower closed, and try to init it again
2020-10-08 23:02:05,008 WARN 11516 [ClusterClient:Watcher] follower closed, and try to init it again
2020-10-08 23:12:00,422 WARN 11516 [TCPBase] socket is closed by other side while there were still unhandled data in the socket buffer
2020-10-08 23:12:00,422 WARN 11516 [ClusterClient:Watcher] follower closed, and try to init it again
2020-10-08 23:22:15,794 WARN 11516 [ClusterClient:Watcher] follower closed, and try to init it again
2020-10-08 23:32:10,750 WARN 11516 [TCPBase] socket is closed by other side while there were still unhandled data in the socket buffer
2020-10-08 23:32:10,750 WARN 11516 [ClusterClient:Watcher] follower closed, and try to init it again
2020-10-08 23:42:26,136 WARN 11516 [ClusterClient:Watcher] follower closed, and try to init it again
2020-10-08 23:52:22,107 WARN 11516 [ClusterClient:Watcher] follower closed, and try to init it again
2020-10-09 00:02:37,449 WARN 11516 [ClusterClient:Watcher] follower closed, and try to init it again
2020-10-09 00:12:32,804 WARN 11516 [ClusterClient:Watcher] follower closed, and try to init it again
2020-10-09 00:22:47,714 WARN 11516 [ClusterClient:Watcher] follower closed, and try to init it again
2020-10-09 00:32:43,116 WARN 11516 [ClusterClient:Watcher] follower closed, and try to init it again
2020-10-09 00:42:59,505 WARN 11516 [ClusterClient:Watcher] follower closed, and try to init it again
2020-10-09 00:52:54,842 WARN 11516 [TCPBase] socket is closed by other side while there were still unhandled data in the socket buffer
2020-10-09 00:52:54,842 WARN 11516 [ClusterClient:Watcher] follower closed, and try to init it again
2020-10-09 01:02:51,001 WARN 11516 [TCPBase] socket is closed by other side while there were still unhandled data in the socket buffer
2020-10-09 01:02:51,002 WARN 11516 [ClusterClient:Watcher] follower closed, and try to init it again
2020-10-09 01:13:06,619 WARN 11516 [ClusterClient:Watcher] follower closed, and try to init it again
2020-10-09 01:23:02,027 WARN 11516 [ClusterClient:Watcher] follower closed, and try to init it again
2020-10-09 01:33:17,331 WARN 11516 [TCPBase] socket is closed by other side while there were still unhandled data in the socket buffer
2020-10-09 01:33:17,331 WARN 11516 [ClusterClient:Watcher] follower closed, and try to init it again
2020-10-09 01:43:12,570 WARN 11516 [TCPBase] socket is closed by other side while there were still unhandled data in the socket buffer
2020-10-09 01:43:12,570 WARN 11516 [ClusterClient:Watcher] follower closed, and try to init it again
2020-10-09 01:53:27,731 WARN 11516 [ClusterClient:Watcher] follower closed, and try to init it again
2020-10-09 02:03:25,989 WARN 11516 [TCPBase] socket is closed by other side while there were still unhandled data in the socket buffer
2020-10-09 02:03:25,989 WARN 11516 [ClusterClient:Watcher] follower closed, and try to init it again
2020-10-09 02:13:41,362 WARN 11516 [ClusterClient:Watcher] follower closed, and try to init it again
2020-10-09 02:23:36,819 WARN 11516 [TCPBase] socket is closed by other side while there were still unhandled data in the socket buffer
2020-10-09 02:23:36,820 WARN 11516 [ClusterClient:Watcher] follower closed, and try to init it again
2020-10-09 02:33:52,094 WARN 11516 [ClusterClient:Watcher] follower closed, and try to init it again
2020-10-09 02:43:46,953 WARN 11516 [ClusterClient:Watcher] follower closed, and try to init it again
2020-10-09 02:54:02,274 WARN 11516 [TCPBase] socket is closed by other side while there were still unhandled data in the socket buffer
2020-10-09 02:54:02,274 WARN 11516 [ClusterClient:Watcher] follower closed, and try to init it again
2020-10-09 03:03:58,396 WARN 11516 [ClusterClient:Watcher] follower closed, and try to init it again
2020-10-09 03:14:13,614 WARN 11516 [TCPBase] socket is closed by other side while there were still unhandled data in the socket buffer
2020-10-09 03:14:13,614 WARN 11516 [ClusterClient:Watcher] follower closed, and try to init it again
2020-10-09 03:24:08,831 WARN 11516 [TCPBase] socket is closed by other side while there were still unhandled data in the socket buffer
2020-10-09 03:24:08,831 WARN 11516 [ClusterClient:Watcher] follower closed, and try to init it again
2020-10-09 03:34:24,258 WARN 11516 [ClusterClient:Watcher] follower closed, and try to init it again
2020-10-09 03:44:22,770 WARN 11516 [ClusterClient:Watcher] follower closed, and try to init it again
2020-10-09 03:54:38,062 WARN 11516 [TCPBase] socket is closed by other side while there were still unhandled data in the socket buffer
2020-10-09 03:54:38,062 WARN 11516 [ClusterClient:Watcher] follower closed, and try to init it again
2020-10-09 04:04:33,414 WARN 11516 [TCPBase] socket is closed by other side while there were still unhandled data in the socket buffer
2020-10-09 04:04:33,414 WARN 11516 [ClusterClient:Watcher] follower closed, and try to init it again
2020-10-09 04:14:48,947 WARN 11516 [ClusterClient:Watcher] follower closed, and try to init it again
2020-10-09 04:24:44,338 WARN 11516 [ClusterClient:Watcher] follower closed, and try to init it again
2020-10-09 04:35:00,077 WARN 11516 [TCPBase] socket is closed by other side while there were still unhandled data in the socket buffer
2020-10-09 04:35:00,078 WARN 11516 [ClusterClient:Watcher] follower closed, and try to init it again
2020-10-09 04:44:55,312 WARN 11516 [ClusterClient:Watcher] follower closed, and try to init it again
2020-10-09 04:55:13,704 WARN 11516 [TCPBase] socket is closed by other side while there were still unhandled data in the socket buffer
2020-10-09 04:55:13,705 WARN 11516 [ClusterClient:Watcher] follower closed, and try to init it again
2020-10-09 05:05:08,909 WARN 11516 [ClusterClient:Watcher] follower closed, and try to init it again
2020-10-09 05:15:24,743 WARN 11516 [TCPBase] socket is closed by other side while there were still unhandled data in the socket buffer
2020-10-09 05:15:24,743 WARN 11516 [ClusterClient:Watcher] follower closed, and try to init it again
2020-10-09 05:25:19,056 WARN 11516 [ClusterClient:Watcher] follower closed, and try to init it again
2020-10-09 05:35:16,003 WARN 11516 [TCPBase] socket is closed by other side while there were still unhandled data in the socket buffer
2020-10-09 05:35:16,003 WARN 11516 [ClusterClient:Watcher] follower closed, and try to init it again
2020-10-09 05:45:31,793 WARN 11516 [ClusterClient:Watcher] follower closed, and try to init it again
2020-10-09 05:55:26,845 WARN 11516 [ClusterClient:Watcher] follower closed, and try to init it again
2020-10-09 06:05:42,100 WARN 11516 [ClusterClient:Watcher] follower closed, and try to init it again
2020-10-09 06:15:37,590 WARN 11516 [TCPBase] socket is closed by other side while there were still unhandled data in the socket buffer
2020-10-09 06:15:37,590 WARN 11516 [ClusterClient:Watcher] follower closed, and try to init it again
2020-10-09 06:25:53,040 WARN 11516 [TCPBase] socket is closed by other side while there were still unhandled data in the socket buffer
2020-10-09 06:25:53,040 WARN 11516 [ClusterClient:Watcher] follower closed, and try to init it again
2020-10-09 06:35:48,553 WARN 11516 [ClusterClient:Watcher] follower closed, and try to init it again
2020-10-09 06:46:03,872 WARN 11516 [TCPBase] socket is closed by other side while there were still unhandled data in the socket buffer
2020-10-09 06:46:03,872 WARN 11516 [ClusterClient:Watcher] follower closed, and try to init it again
2020-10-09 06:55:59,385 WARN 11516 [ClusterClient:Watcher] follower closed, and try to init it again
2020-10-09 07:06:14,694 WARN 11516 [ClusterClient:Watcher] follower closed, and try to init it again
2020-10-09 07:16:10,106 WARN 11516 [ClusterClient:Watcher] follower closed, and try to init it again
2020-10-09 07:26:25,519 WARN 11516 [ClusterClient:Watcher] follower closed, and try to init it again
2020-10-09 07:36:20,867 WARN 11516 [ClusterClient:Watcher] follower closed, and try to init it again
2020-10-09 07:46:36,839 WARN 11516 [ClusterClient:Watcher] follower closed, and try to init it again
2020-10-09 07:56:32,080 WARN 11516 [TCPBase] socket is closed by other side while there were still unhandled data in the socket buffer
2020-10-09 07:56:32,080 WARN 11516 [ClusterClient:Watcher] follower closed, and try to init it again
2020-10-09 08:06:47,395 WARN 11516 [TCPBase] socket is closed by other side while there were still unhandled data in the socket buffer
2020-10-09 08:06:47,396 WARN 11516 [ClusterClient:Watcher] follower closed, and try to init it again
2020-10-09 08:16:42,687 WARN 11516 [ClusterClient:Watcher] follower closed, and try to init it again
2020-10-09 08:26:58,129 WARN 11516 [ClusterClient:Watcher] follower closed, and try to init it again
2020-10-09 08:36:53,516 WARN 11516 [ClusterClient:Watcher] follower closed, and try to init it again
2020-10-09 08:46:50,001 WARN 11516 [TCPBase] socket is closed by other side while there were still unhandled data in the socket buffer
2020-10-09 08:46:50,002 WARN 11516 [ClusterClient:Watcher] follower closed, and try to init it again
2020-10-09 09:54:59,406 WARN 11516 [TCPBase] socket is closed by other side while there were still unhandled data in the socket buffer
2020-10-09 09:54:59,407 WARN 11516 [ClusterClient:Watcher] follower closed, and try to init it again
2020-10-09 09:58:03,405 WARN 11516 [TCPBase] socket is closed by other side while there were still unhandled data in the socket buffer
2020-10-09 09:58:03,405 WARN 11516 [ClusterClient:Watcher] follower closed, and try to init it again
