2020-09-25 14:14:26,291 INFO 17780 [Timer] /Users/lxd/Desktop/mine/egg-example/node_modules/egg-multipart/app/schedule/clean_tmpdir.js next time will execute after 51333712ms at 2020-09-26 04:30:00.003
2020-09-25 14:14:26,291 INFO 17780 [Timer] /Users/lxd/Desktop/mine/egg-example/node_modules/egg-logrotator/app/schedule/clean_log.js next time will execute after 35133709ms at 2020-09-26 00:00:00.000
2020-09-25 14:14:26,292 INFO 17780 [Timer] /Users/lxd/Desktop/mine/egg-example/node_modules/egg-logrotator/app/schedule/rotate_by_file.js next time will execute after 35134709ms at 2020-09-26 00:00:01.001
2020-09-25 14:14:26,154 INFO 17785 [egg-schedule]: register schedule /Users/lxd/Desktop/mine/egg-example/node_modules/egg-multipart/app/schedule/clean_tmpdir.js
2020-09-25 14:14:26,154 INFO 17785 [egg-schedule]: register schedule /Users/lxd/Desktop/mine/egg-example/node_modules/egg-logrotator/app/schedule/clean_log.js
2020-09-25 14:14:26,154 INFO 17785 [egg-schedule]: register schedule /Users/lxd/Desktop/mine/egg-example/node_modules/egg-logrotator/app/schedule/rotate_by_file.js
2020-09-25 14:21:29,997 INFO 18059 [Timer] /Users/lxd/Desktop/mine/egg-example/node_modules/egg-multipart/app/schedule/clean_tmpdir.js next time will execute after 50910005ms at 2020-09-26 04:30:00.002
2020-09-25 14:21:29,997 INFO 18059 [Timer] /Users/lxd/Desktop/mine/egg-example/node_modules/egg-logrotator/app/schedule/clean_log.js next time will execute after 34710003ms at 2020-09-26 00:00:00.000
2020-09-25 14:21:29,998 INFO 18059 [Timer] /Users/lxd/Desktop/mine/egg-example/node_modules/egg-logrotator/app/schedule/rotate_by_file.js next time will execute after 34711003ms at 2020-09-26 00:00:01.001
2020-09-25 14:21:29,878 INFO 18060 [egg-schedule]: register schedule /Users/lxd/Desktop/mine/egg-example/node_modules/egg-multipart/app/schedule/clean_tmpdir.js
2020-09-25 14:21:29,878 INFO 18060 [egg-schedule]: register schedule /Users/lxd/Desktop/mine/egg-example/node_modules/egg-logrotator/app/schedule/clean_log.js
2020-09-25 14:21:29,878 INFO 18060 [egg-schedule]: register schedule /Users/lxd/Desktop/mine/egg-example/node_modules/egg-logrotator/app/schedule/rotate_by_file.js
2020-09-25 14:29:08,083 INFO 18354 [egg-schedule]: register schedule /Users/lxd/Desktop/mine/egg-example/node_modules/egg-multipart/app/schedule/clean_tmpdir.js
2020-09-25 14:29:08,083 INFO 18354 [egg-schedule]: register schedule /Users/lxd/Desktop/mine/egg-example/node_modules/egg-logrotator/app/schedule/clean_log.js
2020-09-25 14:29:08,083 INFO 18354 [egg-schedule]: register schedule /Users/lxd/Desktop/mine/egg-example/node_modules/egg-logrotator/app/schedule/rotate_by_file.js
2020-09-25 14:29:13,306 INFO 18355 [egg-schedule]: register schedule /Users/lxd/Desktop/mine/egg-example/node_modules/egg-multipart/app/schedule/clean_tmpdir.js
2020-09-25 14:29:13,306 INFO 18355 [egg-schedule]: register schedule /Users/lxd/Desktop/mine/egg-example/node_modules/egg-logrotator/app/schedule/clean_log.js
2020-09-25 14:29:13,306 INFO 18355 [egg-schedule]: register schedule /Users/lxd/Desktop/mine/egg-example/node_modules/egg-logrotator/app/schedule/rotate_by_file.js
2020-09-25 14:29:44,173 INFO 18372 [egg-schedule]: register schedule /Users/lxd/Desktop/mine/egg-example/node_modules/egg-multipart/app/schedule/clean_tmpdir.js
2020-09-25 14:29:44,173 INFO 18372 [egg-schedule]: register schedule /Users/lxd/Desktop/mine/egg-example/node_modules/egg-logrotator/app/schedule/clean_log.js
2020-09-25 14:29:44,173 INFO 18372 [egg-schedule]: register schedule /Users/lxd/Desktop/mine/egg-example/node_modules/egg-logrotator/app/schedule/rotate_by_file.js
2020-09-25 18:48:06,768 INFO 31294 [egg-schedule]: register schedule /Users/lxd/Desktop/mine/egg-example/node_modules/egg-multipart/app/schedule/clean_tmpdir.js
2020-09-25 18:48:06,768 INFO 31294 [egg-schedule]: register schedule /Users/lxd/Desktop/mine/egg-example/node_modules/egg-logrotator/app/schedule/clean_log.js
2020-09-25 18:48:06,768 INFO 31294 [egg-schedule]: register schedule /Users/lxd/Desktop/mine/egg-example/node_modules/egg-logrotator/app/schedule/rotate_by_file.js
2020-09-25 18:57:48,017 INFO 31697 [Timer] /Users/lxd/Desktop/mine/egg-example/node_modules/egg-multipart/app/schedule/clean_tmpdir.js next time will execute after 34331985ms at 2020-09-26 04:30:00.002
2020-09-25 18:57:48,018 INFO 31697 [Timer] /Users/lxd/Desktop/mine/egg-example/node_modules/egg-logrotator/app/schedule/clean_log.js next time will execute after 18131983ms at 2020-09-26 00:00:00.001
2020-09-25 18:57:48,018 INFO 31697 [Timer] /Users/lxd/Desktop/mine/egg-example/node_modules/egg-logrotator/app/schedule/rotate_by_file.js next time will execute after 18132982ms at 2020-09-26 00:00:01.000
2020-09-25 18:57:47,898 INFO 31701 [egg-schedule]: register schedule /Users/lxd/Desktop/mine/egg-example/node_modules/egg-multipart/app/schedule/clean_tmpdir.js
2020-09-25 18:57:47,898 INFO 31701 [egg-schedule]: register schedule /Users/lxd/Desktop/mine/egg-example/node_modules/egg-logrotator/app/schedule/clean_log.js
2020-09-25 18:57:47,898 INFO 31701 [egg-schedule]: register schedule /Users/lxd/Desktop/mine/egg-example/node_modules/egg-logrotator/app/schedule/rotate_by_file.js
2020-09-25 18:58:01,654 INFO 31713 [egg-schedule]: register schedule /Users/lxd/Desktop/mine/egg-example/node_modules/egg-multipart/app/schedule/clean_tmpdir.js
2020-09-25 18:58:01,654 INFO 31713 [egg-schedule]: register schedule /Users/lxd/Desktop/mine/egg-example/node_modules/egg-logrotator/app/schedule/clean_log.js
2020-09-25 18:58:01,654 INFO 31713 [egg-schedule]: register schedule /Users/lxd/Desktop/mine/egg-example/node_modules/egg-logrotator/app/schedule/rotate_by_file.js
2020-09-25 18:58:25,698 INFO 31726 [egg-schedule]: register schedule /Users/lxd/Desktop/mine/egg-example/node_modules/egg-multipart/app/schedule/clean_tmpdir.js
2020-09-25 18:58:25,698 INFO 31726 [egg-schedule]: register schedule /Users/lxd/Desktop/mine/egg-example/node_modules/egg-logrotator/app/schedule/clean_log.js
2020-09-25 18:58:25,698 INFO 31726 [egg-schedule]: register schedule /Users/lxd/Desktop/mine/egg-example/node_modules/egg-logrotator/app/schedule/rotate_by_file.js
2020-09-25 18:58:30,684 INFO 31727 [egg-schedule]: register schedule /Users/lxd/Desktop/mine/egg-example/node_modules/egg-multipart/app/schedule/clean_tmpdir.js
2020-09-25 18:58:30,684 INFO 31727 [egg-schedule]: register schedule /Users/lxd/Desktop/mine/egg-example/node_modules/egg-logrotator/app/schedule/clean_log.js
2020-09-25 18:58:30,684 INFO 31727 [egg-schedule]: register schedule /Users/lxd/Desktop/mine/egg-example/node_modules/egg-logrotator/app/schedule/rotate_by_file.js
2020-09-25 18:58:46,836 INFO 31738 [egg-schedule]: register schedule /Users/lxd/Desktop/mine/egg-example/node_modules/egg-multipart/app/schedule/clean_tmpdir.js
2020-09-25 18:58:46,836 INFO 31738 [egg-schedule]: register schedule /Users/lxd/Desktop/mine/egg-example/node_modules/egg-logrotator/app/schedule/clean_log.js
2020-09-25 18:58:46,836 INFO 31738 [egg-schedule]: register schedule /Users/lxd/Desktop/mine/egg-example/node_modules/egg-logrotator/app/schedule/rotate_by_file.js
2020-09-25 18:59:14,907 INFO 31756 [egg-schedule]: register schedule /Users/lxd/Desktop/mine/egg-example/node_modules/egg-multipart/app/schedule/clean_tmpdir.js
2020-09-25 18:59:14,907 INFO 31756 [egg-schedule]: register schedule /Users/lxd/Desktop/mine/egg-example/node_modules/egg-logrotator/app/schedule/clean_log.js
2020-09-25 18:59:14,907 INFO 31756 [egg-schedule]: register schedule /Users/lxd/Desktop/mine/egg-example/node_modules/egg-logrotator/app/schedule/rotate_by_file.js
2020-09-25 18:59:50,622 INFO 31776 [egg-schedule]: register schedule /Users/lxd/Desktop/mine/egg-example/node_modules/egg-multipart/app/schedule/clean_tmpdir.js
2020-09-25 18:59:50,623 INFO 31776 [egg-schedule]: register schedule /Users/lxd/Desktop/mine/egg-example/node_modules/egg-logrotator/app/schedule/clean_log.js
2020-09-25 18:59:50,623 INFO 31776 [egg-schedule]: register schedule /Users/lxd/Desktop/mine/egg-example/node_modules/egg-logrotator/app/schedule/rotate_by_file.js
2020-09-25 19:00:20,051 INFO 31796 [egg-schedule]: register schedule /Users/lxd/Desktop/mine/egg-example/node_modules/egg-multipart/app/schedule/clean_tmpdir.js
2020-09-25 19:00:20,051 INFO 31796 [egg-schedule]: register schedule /Users/lxd/Desktop/mine/egg-example/node_modules/egg-logrotator/app/schedule/clean_log.js
2020-09-25 19:00:20,051 INFO 31796 [egg-schedule]: register schedule /Users/lxd/Desktop/mine/egg-example/node_modules/egg-logrotator/app/schedule/rotate_by_file.js
2020-09-26 13:33:15,826 INFO 34338 [Timer] /Users/lxd/Desktop/mine/egg-example/node_modules/egg-multipart/app/schedule/clean_tmpdir.js next time will execute after 53804176ms at 2020-09-27 04:30:00.002
2020-09-26 13:33:15,827 INFO 34338 [Timer] /Users/lxd/Desktop/mine/egg-example/node_modules/egg-logrotator/app/schedule/clean_log.js next time will execute after 37604173ms at 2020-09-27 00:00:00.000
2020-09-26 13:33:15,827 INFO 34338 [Timer] /Users/lxd/Desktop/mine/egg-example/node_modules/egg-logrotator/app/schedule/rotate_by_file.js next time will execute after 37605173ms at 2020-09-27 00:00:01.000
2020-09-26 13:33:15,690 INFO 34339 [egg-schedule]: register schedule /Users/lxd/Desktop/mine/egg-example/node_modules/egg-multipart/app/schedule/clean_tmpdir.js
2020-09-26 13:33:15,690 INFO 34339 [egg-schedule]: register schedule /Users/lxd/Desktop/mine/egg-example/node_modules/egg-logrotator/app/schedule/clean_log.js
2020-09-26 13:33:15,690 INFO 34339 [egg-schedule]: register schedule /Users/lxd/Desktop/mine/egg-example/node_modules/egg-logrotator/app/schedule/rotate_by_file.js
2020-09-26 13:41:36,106 INFO 34676 [egg-schedule]: register schedule /Users/lxd/Desktop/mine/egg-example/node_modules/egg-multipart/app/schedule/clean_tmpdir.js
2020-09-26 13:41:36,106 INFO 34676 [egg-schedule]: register schedule /Users/lxd/Desktop/mine/egg-example/node_modules/egg-logrotator/app/schedule/clean_log.js
2020-09-26 13:41:36,106 INFO 34676 [egg-schedule]: register schedule /Users/lxd/Desktop/mine/egg-example/node_modules/egg-logrotator/app/schedule/rotate_by_file.js
2020-09-26 13:41:51,366 INFO 34689 [egg-schedule]: register schedule /Users/lxd/Desktop/mine/egg-example/node_modules/egg-multipart/app/schedule/clean_tmpdir.js
2020-09-26 13:41:51,366 INFO 34689 [egg-schedule]: register schedule /Users/lxd/Desktop/mine/egg-example/node_modules/egg-logrotator/app/schedule/clean_log.js
2020-09-26 13:41:51,366 INFO 34689 [egg-schedule]: register schedule /Users/lxd/Desktop/mine/egg-example/node_modules/egg-logrotator/app/schedule/rotate_by_file.js
2020-09-26 13:42:01,450 INFO 34697 [egg-schedule]: register schedule /Users/lxd/Desktop/mine/egg-example/node_modules/egg-multipart/app/schedule/clean_tmpdir.js
2020-09-26 13:42:01,450 INFO 34697 [egg-schedule]: register schedule /Users/lxd/Desktop/mine/egg-example/node_modules/egg-logrotator/app/schedule/clean_log.js
2020-09-26 13:42:01,450 INFO 34697 [egg-schedule]: register schedule /Users/lxd/Desktop/mine/egg-example/node_modules/egg-logrotator/app/schedule/rotate_by_file.js
2020-09-26 13:42:46,490 INFO 34722 [egg-schedule]: register schedule /Users/lxd/Desktop/mine/egg-example/node_modules/egg-multipart/app/schedule/clean_tmpdir.js
2020-09-26 13:42:46,490 INFO 34722 [egg-schedule]: register schedule /Users/lxd/Desktop/mine/egg-example/node_modules/egg-logrotator/app/schedule/clean_log.js
2020-09-26 13:42:46,490 INFO 34722 [egg-schedule]: register schedule /Users/lxd/Desktop/mine/egg-example/node_modules/egg-logrotator/app/schedule/rotate_by_file.js
2020-09-26 13:43:10,577 INFO 34734 [egg-schedule]: register schedule /Users/lxd/Desktop/mine/egg-example/node_modules/egg-multipart/app/schedule/clean_tmpdir.js
2020-09-26 13:43:10,577 INFO 34734 [egg-schedule]: register schedule /Users/lxd/Desktop/mine/egg-example/node_modules/egg-logrotator/app/schedule/clean_log.js
2020-09-26 13:43:10,577 INFO 34734 [egg-schedule]: register schedule /Users/lxd/Desktop/mine/egg-example/node_modules/egg-logrotator/app/schedule/rotate_by_file.js
2020-09-26 13:43:24,365 INFO 34746 [egg-schedule]: register schedule /Users/lxd/Desktop/mine/egg-example/node_modules/egg-multipart/app/schedule/clean_tmpdir.js
2020-09-26 13:43:24,365 INFO 34746 [egg-schedule]: register schedule /Users/lxd/Desktop/mine/egg-example/node_modules/egg-logrotator/app/schedule/clean_log.js
2020-09-26 13:43:24,365 INFO 34746 [egg-schedule]: register schedule /Users/lxd/Desktop/mine/egg-example/node_modules/egg-logrotator/app/schedule/rotate_by_file.js
2020-09-26 13:43:33,590 INFO 34754 [egg-schedule]: register schedule /Users/lxd/Desktop/mine/egg-example/node_modules/egg-multipart/app/schedule/clean_tmpdir.js
2020-09-26 13:43:33,590 INFO 34754 [egg-schedule]: register schedule /Users/lxd/Desktop/mine/egg-example/node_modules/egg-logrotator/app/schedule/clean_log.js
2020-09-26 13:43:33,590 INFO 34754 [egg-schedule]: register schedule /Users/lxd/Desktop/mine/egg-example/node_modules/egg-logrotator/app/schedule/rotate_by_file.js
2020-09-26 13:47:52,573 INFO 34907 [Timer] /Users/lxd/Desktop/mine/egg-example/node_modules/egg-multipart/app/schedule/clean_tmpdir.js next time will execute after 52927429ms at 2020-09-27 04:30:00.002
2020-09-26 13:47:52,574 INFO 34907 [Timer] /Users/lxd/Desktop/mine/egg-example/node_modules/egg-logrotator/app/schedule/clean_log.js next time will execute after 36727426ms at 2020-09-27 00:00:00.000
2020-09-26 13:47:52,574 INFO 34907 [Timer] /Users/lxd/Desktop/mine/egg-example/node_modules/egg-logrotator/app/schedule/rotate_by_file.js next time will execute after 36728426ms at 2020-09-27 00:00:01.000
2020-09-26 13:47:52,487 INFO 34911 [egg-schedule]: register schedule /Users/lxd/Desktop/mine/egg-example/node_modules/egg-multipart/app/schedule/clean_tmpdir.js
2020-09-26 13:47:52,487 INFO 34911 [egg-schedule]: register schedule /Users/lxd/Desktop/mine/egg-example/node_modules/egg-logrotator/app/schedule/clean_log.js
2020-09-26 13:47:52,487 INFO 34911 [egg-schedule]: register schedule /Users/lxd/Desktop/mine/egg-example/node_modules/egg-logrotator/app/schedule/rotate_by_file.js
2020-09-26 13:50:11,073 INFO 35008 [Timer] /Users/lxd/Desktop/mine/egg-example/node_modules/egg-multipart/app/schedule/clean_tmpdir.js next time will execute after 52788929ms at 2020-09-27 04:30:00.002
2020-09-26 13:50:11,073 INFO 35008 [Timer] /Users/lxd/Desktop/mine/egg-example/node_modules/egg-logrotator/app/schedule/clean_log.js next time will execute after 36588927ms at 2020-09-27 00:00:00.000
2020-09-26 13:50:11,074 INFO 35008 [Timer] /Users/lxd/Desktop/mine/egg-example/node_modules/egg-logrotator/app/schedule/rotate_by_file.js next time will execute after 36589927ms at 2020-09-27 00:00:01.001
2020-09-26 13:50:10,987 INFO 35012 [egg-schedule]: register schedule /Users/lxd/Desktop/mine/egg-example/node_modules/egg-multipart/app/schedule/clean_tmpdir.js
2020-09-26 13:50:10,987 INFO 35012 [egg-schedule]: register schedule /Users/lxd/Desktop/mine/egg-example/node_modules/egg-logrotator/app/schedule/clean_log.js
2020-09-26 13:50:10,987 INFO 35012 [egg-schedule]: register schedule /Users/lxd/Desktop/mine/egg-example/node_modules/egg-logrotator/app/schedule/rotate_by_file.js
2020-09-26 13:53:25,230 INFO 35128 [egg-schedule]: register schedule /Users/lxd/Desktop/mine/egg-example/node_modules/egg-multipart/app/schedule/clean_tmpdir.js
2020-09-26 13:53:25,230 INFO 35128 [egg-schedule]: register schedule /Users/lxd/Desktop/mine/egg-example/node_modules/egg-logrotator/app/schedule/clean_log.js
2020-09-26 13:53:25,230 INFO 35128 [egg-schedule]: register schedule /Users/lxd/Desktop/mine/egg-example/node_modules/egg-logrotator/app/schedule/rotate_by_file.js
2020-09-26 13:53:58,813 INFO 35157 [egg-schedule]: register schedule /Users/lxd/Desktop/mine/egg-example/node_modules/egg-multipart/app/schedule/clean_tmpdir.js
2020-09-26 13:53:58,813 INFO 35157 [egg-schedule]: register schedule /Users/lxd/Desktop/mine/egg-example/node_modules/egg-logrotator/app/schedule/clean_log.js
2020-09-26 13:53:58,813 INFO 35157 [egg-schedule]: register schedule /Users/lxd/Desktop/mine/egg-example/node_modules/egg-logrotator/app/schedule/rotate_by_file.js
2020-09-26 13:54:28,907 INFO 35175 [egg-schedule]: register schedule /Users/lxd/Desktop/mine/egg-example/node_modules/egg-multipart/app/schedule/clean_tmpdir.js
2020-09-26 13:54:28,907 INFO 35175 [egg-schedule]: register schedule /Users/lxd/Desktop/mine/egg-example/node_modules/egg-logrotator/app/schedule/clean_log.js
2020-09-26 13:54:28,907 INFO 35175 [egg-schedule]: register schedule /Users/lxd/Desktop/mine/egg-example/node_modules/egg-logrotator/app/schedule/rotate_by_file.js
2020-09-26 13:55:05,009 INFO 35193 [egg-schedule]: register schedule /Users/lxd/Desktop/mine/egg-example/node_modules/egg-multipart/app/schedule/clean_tmpdir.js
2020-09-26 13:55:05,009 INFO 35193 [egg-schedule]: register schedule /Users/lxd/Desktop/mine/egg-example/node_modules/egg-logrotator/app/schedule/clean_log.js
2020-09-26 13:55:05,009 INFO 35193 [egg-schedule]: register schedule /Users/lxd/Desktop/mine/egg-example/node_modules/egg-logrotator/app/schedule/rotate_by_file.js
2020-09-26 13:55:10,109 INFO 35201 [egg-schedule]: register schedule /Users/lxd/Desktop/mine/egg-example/node_modules/egg-multipart/app/schedule/clean_tmpdir.js
2020-09-26 13:55:10,109 INFO 35201 [egg-schedule]: register schedule /Users/lxd/Desktop/mine/egg-example/node_modules/egg-logrotator/app/schedule/clean_log.js
2020-09-26 13:55:10,109 INFO 35201 [egg-schedule]: register schedule /Users/lxd/Desktop/mine/egg-example/node_modules/egg-logrotator/app/schedule/rotate_by_file.js
2020-09-26 14:10:47,722 INFO 35688 [egg-schedule]: register schedule /Users/lxd/Desktop/mine/egg-example/node_modules/egg-multipart/app/schedule/clean_tmpdir.js
2020-09-26 14:10:47,722 INFO 35688 [egg-schedule]: register schedule /Users/lxd/Desktop/mine/egg-example/node_modules/egg-logrotator/app/schedule/clean_log.js
2020-09-26 14:10:47,722 INFO 35688 [egg-schedule]: register schedule /Users/lxd/Desktop/mine/egg-example/node_modules/egg-logrotator/app/schedule/rotate_by_file.js
2020-09-26 14:10:55,729 INFO 35694 [egg-schedule]: register schedule /Users/lxd/Desktop/mine/egg-example/node_modules/egg-multipart/app/schedule/clean_tmpdir.js
2020-09-26 14:10:55,729 INFO 35694 [egg-schedule]: register schedule /Users/lxd/Desktop/mine/egg-example/node_modules/egg-logrotator/app/schedule/clean_log.js
2020-09-26 14:10:55,729 INFO 35694 [egg-schedule]: register schedule /Users/lxd/Desktop/mine/egg-example/node_modules/egg-logrotator/app/schedule/rotate_by_file.js
2020-09-26 14:15:38,805 INFO 35846 [egg-schedule]: register schedule /Users/lxd/Desktop/mine/egg-example/node_modules/egg-multipart/app/schedule/clean_tmpdir.js
2020-09-26 14:15:38,805 INFO 35846 [egg-schedule]: register schedule /Users/lxd/Desktop/mine/egg-example/node_modules/egg-logrotator/app/schedule/clean_log.js
2020-09-26 14:15:38,805 INFO 35846 [egg-schedule]: register schedule /Users/lxd/Desktop/mine/egg-example/node_modules/egg-logrotator/app/schedule/rotate_by_file.js
2020-09-26 14:17:06,845 INFO 35907 [egg-schedule]: register schedule /Users/lxd/Desktop/mine/egg-example/node_modules/egg-multipart/app/schedule/clean_tmpdir.js
2020-09-26 14:17:06,845 INFO 35907 [egg-schedule]: register schedule /Users/lxd/Desktop/mine/egg-example/node_modules/egg-logrotator/app/schedule/clean_log.js
2020-09-26 14:17:06,845 INFO 35907 [egg-schedule]: register schedule /Users/lxd/Desktop/mine/egg-example/node_modules/egg-logrotator/app/schedule/rotate_by_file.js
2020-09-26 14:20:25,273 INFO 36055 [Timer] /Users/lxd/Desktop/mine/egg-example/node_modules/egg-multipart/app/schedule/clean_tmpdir.js next time will execute after 50974730ms at 2020-09-27 04:30:00.003
2020-09-26 14:20:25,273 INFO 36055 [Timer] /Users/lxd/Desktop/mine/egg-example/node_modules/egg-logrotator/app/schedule/clean_log.js next time will execute after 34774727ms at 2020-09-27 00:00:00.000
2020-09-26 14:20:25,273 INFO 36055 [Timer] /Users/lxd/Desktop/mine/egg-example/node_modules/egg-logrotator/app/schedule/rotate_by_file.js next time will execute after 34775727ms at 2020-09-27 00:00:01.000
2020-09-26 14:20:25,185 INFO 36059 [egg-schedule]: register schedule /Users/lxd/Desktop/mine/egg-example/node_modules/egg-multipart/app/schedule/clean_tmpdir.js
2020-09-26 14:20:25,185 INFO 36059 [egg-schedule]: register schedule /Users/lxd/Desktop/mine/egg-example/node_modules/egg-logrotator/app/schedule/clean_log.js
2020-09-26 14:20:25,185 INFO 36059 [egg-schedule]: register schedule /Users/lxd/Desktop/mine/egg-example/node_modules/egg-logrotator/app/schedule/rotate_by_file.js
2020-09-26 14:21:20,426 INFO 36092 [egg-schedule]: register schedule /Users/lxd/Desktop/mine/egg-example/node_modules/egg-multipart/app/schedule/clean_tmpdir.js
2020-09-26 14:21:20,426 INFO 36092 [egg-schedule]: register schedule /Users/lxd/Desktop/mine/egg-example/node_modules/egg-logrotator/app/schedule/clean_log.js
2020-09-26 14:21:20,426 INFO 36092 [egg-schedule]: register schedule /Users/lxd/Desktop/mine/egg-example/node_modules/egg-logrotator/app/schedule/rotate_by_file.js
2020-09-26 14:21:28,570 INFO 36098 [egg-schedule]: register schedule /Users/lxd/Desktop/mine/egg-example/node_modules/egg-multipart/app/schedule/clean_tmpdir.js
2020-09-26 14:21:28,570 INFO 36098 [egg-schedule]: register schedule /Users/lxd/Desktop/mine/egg-example/node_modules/egg-logrotator/app/schedule/clean_log.js
2020-09-26 14:21:28,570 INFO 36098 [egg-schedule]: register schedule /Users/lxd/Desktop/mine/egg-example/node_modules/egg-logrotator/app/schedule/rotate_by_file.js
2020-09-26 14:22:16,493 INFO 36125 [egg-schedule]: register schedule /Users/lxd/Desktop/mine/egg-example/node_modules/egg-multipart/app/schedule/clean_tmpdir.js
2020-09-26 14:22:16,493 INFO 36125 [egg-schedule]: register schedule /Users/lxd/Desktop/mine/egg-example/node_modules/egg-logrotator/app/schedule/clean_log.js
2020-09-26 14:22:16,493 INFO 36125 [egg-schedule]: register schedule /Users/lxd/Desktop/mine/egg-example/node_modules/egg-logrotator/app/schedule/rotate_by_file.js
2020-09-26 14:22:46,289 INFO 36141 [egg-schedule]: register schedule /Users/lxd/Desktop/mine/egg-example/node_modules/egg-multipart/app/schedule/clean_tmpdir.js
2020-09-26 14:22:46,289 INFO 36141 [egg-schedule]: register schedule /Users/lxd/Desktop/mine/egg-example/node_modules/egg-logrotator/app/schedule/clean_log.js
2020-09-26 14:22:46,289 INFO 36141 [egg-schedule]: register schedule /Users/lxd/Desktop/mine/egg-example/node_modules/egg-logrotator/app/schedule/rotate_by_file.js
2020-09-26 14:24:09,750 INFO 36221 [Timer] /Users/lxd/Desktop/mine/egg-example/node_modules/egg-multipart/app/schedule/clean_tmpdir.js next time will execute after 50750252ms at 2020-09-27 04:30:00.002
2020-09-26 14:24:09,750 INFO 36221 [Timer] /Users/lxd/Desktop/mine/egg-example/node_modules/egg-logrotator/app/schedule/clean_log.js next time will execute after 34550250ms at 2020-09-27 00:00:00.000
2020-09-26 14:24:09,750 INFO 36221 [Timer] /Users/lxd/Desktop/mine/egg-example/node_modules/egg-logrotator/app/schedule/rotate_by_file.js next time will execute after 34551250ms at 2020-09-27 00:00:01.000
2020-09-26 14:24:09,659 INFO 36225 [egg-schedule]: register schedule /Users/lxd/Desktop/mine/egg-example/node_modules/egg-multipart/app/schedule/clean_tmpdir.js
2020-09-26 14:24:09,659 INFO 36225 [egg-schedule]: register schedule /Users/lxd/Desktop/mine/egg-example/node_modules/egg-logrotator/app/schedule/clean_log.js
2020-09-26 14:24:09,659 INFO 36225 [egg-schedule]: register schedule /Users/lxd/Desktop/mine/egg-example/node_modules/egg-logrotator/app/schedule/rotate_by_file.js
2020-09-26 14:38:46,394 INFO 36750 [Timer] /Users/lxd/Desktop/mine/egg-example/node_modules/egg-multipart/app/schedule/clean_tmpdir.js next time will execute after 49873608ms at 2020-09-27 04:30:00.002
2020-09-26 14:38:46,395 INFO 36750 [Timer] /Users/lxd/Desktop/mine/egg-example/node_modules/egg-logrotator/app/schedule/clean_log.js next time will execute after 33673605ms at 2020-09-27 00:00:00.000
2020-09-26 14:38:46,395 INFO 36750 [Timer] /Users/lxd/Desktop/mine/egg-example/node_modules/egg-logrotator/app/schedule/rotate_by_file.js next time will execute after 33674605ms at 2020-09-27 00:00:01.000
2020-09-26 14:38:46,308 INFO 36758 [egg-schedule]: register schedule /Users/lxd/Desktop/mine/egg-example/node_modules/egg-multipart/app/schedule/clean_tmpdir.js
2020-09-26 14:38:46,308 INFO 36758 [egg-schedule]: register schedule /Users/lxd/Desktop/mine/egg-example/node_modules/egg-logrotator/app/schedule/clean_log.js
2020-09-26 14:38:46,308 INFO 36758 [egg-schedule]: register schedule /Users/lxd/Desktop/mine/egg-example/node_modules/egg-logrotator/app/schedule/rotate_by_file.js
2020-09-26 14:41:32,204 INFO 36844 [egg-schedule]: register schedule /Users/lxd/Desktop/mine/egg-example/node_modules/egg-multipart/app/schedule/clean_tmpdir.js
2020-09-26 14:41:32,204 INFO 36844 [egg-schedule]: register schedule /Users/lxd/Desktop/mine/egg-example/node_modules/egg-logrotator/app/schedule/clean_log.js
2020-09-26 14:41:32,204 INFO 36844 [egg-schedule]: register schedule /Users/lxd/Desktop/mine/egg-example/node_modules/egg-logrotator/app/schedule/rotate_by_file.js
2020-09-26 16:16:10,789 INFO 39758 [Timer] /Users/lxd/Desktop/mine/egg-example/node_modules/egg-multipart/app/schedule/clean_tmpdir.js next time will execute after 44029214ms at 2020-09-27 04:30:00.003
2020-09-26 16:16:10,789 INFO 39758 [Timer] /Users/lxd/Desktop/mine/egg-example/node_modules/egg-logrotator/app/schedule/clean_log.js next time will execute after 27829211ms at 2020-09-27 00:00:00.000
2020-09-26 16:16:10,789 INFO 39758 [Timer] /Users/lxd/Desktop/mine/egg-example/node_modules/egg-logrotator/app/schedule/rotate_by_file.js next time will execute after 27830211ms at 2020-09-27 00:00:01.000
2020-09-26 16:16:10,697 INFO 39762 [egg-schedule]: register schedule /Users/lxd/Desktop/mine/egg-example/node_modules/egg-multipart/app/schedule/clean_tmpdir.js
2020-09-26 16:16:10,697 INFO 39762 [egg-schedule]: register schedule /Users/lxd/Desktop/mine/egg-example/node_modules/egg-logrotator/app/schedule/clean_log.js
2020-09-26 16:16:10,697 INFO 39762 [egg-schedule]: register schedule /Users/lxd/Desktop/mine/egg-example/node_modules/egg-logrotator/app/schedule/rotate_by_file.js
2020-09-26 16:19:05,684 INFO 583 [Timer] /Users/lxd/Desktop/mine/egg-example/node_modules/egg-multipart/app/schedule/clean_tmpdir.js next time will execute after 43854318ms at 2020-09-27 04:30:00.002
2020-09-26 16:19:05,684 INFO 583 [Timer] /Users/lxd/Desktop/mine/egg-example/node_modules/egg-logrotator/app/schedule/clean_log.js next time will execute after 27654316ms at 2020-09-27 00:00:00.000
2020-09-26 16:19:05,685 INFO 583 [Timer] /Users/lxd/Desktop/mine/egg-example/node_modules/egg-logrotator/app/schedule/rotate_by_file.js next time will execute after 27655316ms at 2020-09-27 00:00:01.001
2020-09-26 16:19:05,537 INFO 585 [egg-schedule]: register schedule /Users/lxd/Desktop/mine/egg-example/node_modules/egg-multipart/app/schedule/clean_tmpdir.js
2020-09-26 16:19:05,537 INFO 585 [egg-schedule]: register schedule /Users/lxd/Desktop/mine/egg-example/node_modules/egg-logrotator/app/schedule/clean_log.js
2020-09-26 16:19:05,537 INFO 585 [egg-schedule]: register schedule /Users/lxd/Desktop/mine/egg-example/node_modules/egg-logrotator/app/schedule/rotate_by_file.js
2020-09-26 16:21:15,462 INFO 723 [egg-schedule]: register schedule /Users/lxd/Desktop/mine/egg-example/node_modules/egg-multipart/app/schedule/clean_tmpdir.js
2020-09-26 16:21:15,462 INFO 723 [egg-schedule]: register schedule /Users/lxd/Desktop/mine/egg-example/node_modules/egg-logrotator/app/schedule/clean_log.js
2020-09-26 16:21:15,462 INFO 723 [egg-schedule]: register schedule /Users/lxd/Desktop/mine/egg-example/node_modules/egg-logrotator/app/schedule/rotate_by_file.js
2020-09-26 16:21:28,349 INFO 734 [egg-schedule]: register schedule /Users/lxd/Desktop/mine/egg-example/node_modules/egg-multipart/app/schedule/clean_tmpdir.js
2020-09-26 16:21:28,349 INFO 734 [egg-schedule]: register schedule /Users/lxd/Desktop/mine/egg-example/node_modules/egg-logrotator/app/schedule/clean_log.js
2020-09-26 16:21:28,349 INFO 734 [egg-schedule]: register schedule /Users/lxd/Desktop/mine/egg-example/node_modules/egg-logrotator/app/schedule/rotate_by_file.js
2020-09-26 16:23:38,218 INFO 829 [egg-schedule]: register schedule /Users/lxd/Desktop/mine/egg-example/node_modules/egg-multipart/app/schedule/clean_tmpdir.js
2020-09-26 16:23:38,218 INFO 829 [egg-schedule]: register schedule /Users/lxd/Desktop/mine/egg-example/node_modules/egg-logrotator/app/schedule/clean_log.js
2020-09-26 16:23:38,218 INFO 829 [egg-schedule]: register schedule /Users/lxd/Desktop/mine/egg-example/node_modules/egg-logrotator/app/schedule/rotate_by_file.js
2020-09-26 16:26:11,086 INFO 918 [egg-schedule]: register schedule /Users/lxd/Desktop/mine/egg-example/node_modules/egg-multipart/app/schedule/clean_tmpdir.js
2020-09-26 16:26:11,086 INFO 918 [egg-schedule]: register schedule /Users/lxd/Desktop/mine/egg-example/node_modules/egg-logrotator/app/schedule/clean_log.js
2020-09-26 16:26:11,086 INFO 918 [egg-schedule]: register schedule /Users/lxd/Desktop/mine/egg-example/node_modules/egg-logrotator/app/schedule/rotate_by_file.js
2020-09-26 16:27:01,845 INFO 949 [egg-schedule]: register schedule /Users/lxd/Desktop/mine/egg-example/node_modules/egg-multipart/app/schedule/clean_tmpdir.js
2020-09-26 16:27:01,845 INFO 949 [egg-schedule]: register schedule /Users/lxd/Desktop/mine/egg-example/node_modules/egg-logrotator/app/schedule/clean_log.js
2020-09-26 16:27:01,845 INFO 949 [egg-schedule]: register schedule /Users/lxd/Desktop/mine/egg-example/node_modules/egg-logrotator/app/schedule/rotate_by_file.js
2020-09-26 16:27:19,388 INFO 961 [egg-schedule]: register schedule /Users/lxd/Desktop/mine/egg-example/node_modules/egg-multipart/app/schedule/clean_tmpdir.js
2020-09-26 16:27:19,388 INFO 961 [egg-schedule]: register schedule /Users/lxd/Desktop/mine/egg-example/node_modules/egg-logrotator/app/schedule/clean_log.js
2020-09-26 16:27:19,388 INFO 961 [egg-schedule]: register schedule /Users/lxd/Desktop/mine/egg-example/node_modules/egg-logrotator/app/schedule/rotate_by_file.js
2020-09-26 16:28:07,029 INFO 984 [egg-schedule]: register schedule /Users/lxd/Desktop/mine/egg-example/node_modules/egg-multipart/app/schedule/clean_tmpdir.js
2020-09-26 16:28:07,029 INFO 984 [egg-schedule]: register schedule /Users/lxd/Desktop/mine/egg-example/node_modules/egg-logrotator/app/schedule/clean_log.js
2020-09-26 16:28:07,029 INFO 984 [egg-schedule]: register schedule /Users/lxd/Desktop/mine/egg-example/node_modules/egg-logrotator/app/schedule/rotate_by_file.js
2020-09-26 16:28:23,836 INFO 996 [egg-schedule]: register schedule /Users/lxd/Desktop/mine/egg-example/node_modules/egg-multipart/app/schedule/clean_tmpdir.js
2020-09-26 16:28:23,836 INFO 996 [egg-schedule]: register schedule /Users/lxd/Desktop/mine/egg-example/node_modules/egg-logrotator/app/schedule/clean_log.js
2020-09-26 16:28:23,836 INFO 996 [egg-schedule]: register schedule /Users/lxd/Desktop/mine/egg-example/node_modules/egg-logrotator/app/schedule/rotate_by_file.js
2020-09-26 16:28:49,269 INFO 1012 [egg-schedule]: register schedule /Users/lxd/Desktop/mine/egg-example/node_modules/egg-multipart/app/schedule/clean_tmpdir.js
2020-09-26 16:28:49,269 INFO 1012 [egg-schedule]: register schedule /Users/lxd/Desktop/mine/egg-example/node_modules/egg-logrotator/app/schedule/clean_log.js
2020-09-26 16:28:49,269 INFO 1012 [egg-schedule]: register schedule /Users/lxd/Desktop/mine/egg-example/node_modules/egg-logrotator/app/schedule/rotate_by_file.js
2020-09-26 16:30:41,676 INFO 1072 [egg-schedule]: register schedule /Users/lxd/Desktop/mine/egg-example/node_modules/egg-multipart/app/schedule/clean_tmpdir.js
2020-09-26 16:30:41,676 INFO 1072 [egg-schedule]: register schedule /Users/lxd/Desktop/mine/egg-example/node_modules/egg-logrotator/app/schedule/clean_log.js
2020-09-26 16:30:41,676 INFO 1072 [egg-schedule]: register schedule /Users/lxd/Desktop/mine/egg-example/node_modules/egg-logrotator/app/schedule/rotate_by_file.js
2020-09-26 16:31:02,401 INFO 1095 [egg-schedule]: register schedule /Users/lxd/Desktop/mine/egg-example/node_modules/egg-multipart/app/schedule/clean_tmpdir.js
2020-09-26 16:31:02,401 INFO 1095 [egg-schedule]: register schedule /Users/lxd/Desktop/mine/egg-example/node_modules/egg-logrotator/app/schedule/clean_log.js
2020-09-26 16:31:02,401 INFO 1095 [egg-schedule]: register schedule /Users/lxd/Desktop/mine/egg-example/node_modules/egg-logrotator/app/schedule/rotate_by_file.js
2020-09-26 16:35:27,692 INFO 1260 [egg-schedule]: register schedule /Users/lxd/Desktop/mine/egg-example/node_modules/egg-multipart/app/schedule/clean_tmpdir.js
2020-09-26 16:35:27,692 INFO 1260 [egg-schedule]: register schedule /Users/lxd/Desktop/mine/egg-example/node_modules/egg-logrotator/app/schedule/clean_log.js
2020-09-26 16:35:27,692 INFO 1260 [egg-schedule]: register schedule /Users/lxd/Desktop/mine/egg-example/node_modules/egg-logrotator/app/schedule/rotate_by_file.js
2020-09-26 16:36:07,275 INFO 1288 [egg-schedule]: register schedule /Users/lxd/Desktop/mine/egg-example/node_modules/egg-multipart/app/schedule/clean_tmpdir.js
2020-09-26 16:36:07,275 INFO 1288 [egg-schedule]: register schedule /Users/lxd/Desktop/mine/egg-example/node_modules/egg-logrotator/app/schedule/clean_log.js
2020-09-26 16:36:07,275 INFO 1288 [egg-schedule]: register schedule /Users/lxd/Desktop/mine/egg-example/node_modules/egg-logrotator/app/schedule/rotate_by_file.js
2020-09-26 16:38:29,123 INFO 1364 [egg-schedule]: register schedule /Users/lxd/Desktop/mine/egg-example/node_modules/egg-multipart/app/schedule/clean_tmpdir.js
2020-09-26 16:38:29,123 INFO 1364 [egg-schedule]: register schedule /Users/lxd/Desktop/mine/egg-example/node_modules/egg-logrotator/app/schedule/clean_log.js
2020-09-26 16:38:29,123 INFO 1364 [egg-schedule]: register schedule /Users/lxd/Desktop/mine/egg-example/node_modules/egg-logrotator/app/schedule/rotate_by_file.js
2020-09-26 16:39:06,125 INFO 1390 [egg-schedule]: register schedule /Users/lxd/Desktop/mine/egg-example/node_modules/egg-multipart/app/schedule/clean_tmpdir.js
2020-09-26 16:39:06,125 INFO 1390 [egg-schedule]: register schedule /Users/lxd/Desktop/mine/egg-example/node_modules/egg-logrotator/app/schedule/clean_log.js
2020-09-26 16:39:06,125 INFO 1390 [egg-schedule]: register schedule /Users/lxd/Desktop/mine/egg-example/node_modules/egg-logrotator/app/schedule/rotate_by_file.js
2020-09-26 16:43:37,990 INFO 1543 [egg-schedule]: register schedule /Users/lxd/Desktop/mine/egg-example/node_modules/egg-multipart/app/schedule/clean_tmpdir.js
2020-09-26 16:43:37,990 INFO 1543 [egg-schedule]: register schedule /Users/lxd/Desktop/mine/egg-example/node_modules/egg-logrotator/app/schedule/clean_log.js
2020-09-26 16:43:37,990 INFO 1543 [egg-schedule]: register schedule /Users/lxd/Desktop/mine/egg-example/node_modules/egg-logrotator/app/schedule/rotate_by_file.js
2020-09-26 16:43:57,183 INFO 1552 [egg-schedule]: register schedule /Users/lxd/Desktop/mine/egg-example/node_modules/egg-multipart/app/schedule/clean_tmpdir.js
2020-09-26 16:43:57,183 INFO 1552 [egg-schedule]: register schedule /Users/lxd/Desktop/mine/egg-example/node_modules/egg-logrotator/app/schedule/clean_log.js
2020-09-26 16:43:57,183 INFO 1552 [egg-schedule]: register schedule /Users/lxd/Desktop/mine/egg-example/node_modules/egg-logrotator/app/schedule/rotate_by_file.js
2020-09-26 16:44:32,859 INFO 1578 [egg-schedule]: register schedule /Users/lxd/Desktop/mine/egg-example/node_modules/egg-multipart/app/schedule/clean_tmpdir.js
2020-09-26 16:44:32,859 INFO 1578 [egg-schedule]: register schedule /Users/lxd/Desktop/mine/egg-example/node_modules/egg-logrotator/app/schedule/clean_log.js
2020-09-26 16:44:32,859 INFO 1578 [egg-schedule]: register schedule /Users/lxd/Desktop/mine/egg-example/node_modules/egg-logrotator/app/schedule/rotate_by_file.js
2020-09-26 16:44:53,832 INFO 1591 [egg-schedule]: register schedule /Users/lxd/Desktop/mine/egg-example/node_modules/egg-multipart/app/schedule/clean_tmpdir.js
2020-09-26 16:44:53,832 INFO 1591 [egg-schedule]: register schedule /Users/lxd/Desktop/mine/egg-example/node_modules/egg-logrotator/app/schedule/clean_log.js
2020-09-26 16:44:53,832 INFO 1591 [egg-schedule]: register schedule /Users/lxd/Desktop/mine/egg-example/node_modules/egg-logrotator/app/schedule/rotate_by_file.js
2020-09-26 16:45:26,498 INFO 1608 [egg-schedule]: register schedule /Users/lxd/Desktop/mine/egg-example/node_modules/egg-multipart/app/schedule/clean_tmpdir.js
2020-09-26 16:45:26,498 INFO 1608 [egg-schedule]: register schedule /Users/lxd/Desktop/mine/egg-example/node_modules/egg-logrotator/app/schedule/clean_log.js
2020-09-26 16:45:26,498 INFO 1608 [egg-schedule]: register schedule /Users/lxd/Desktop/mine/egg-example/node_modules/egg-logrotator/app/schedule/rotate_by_file.js
2020-09-26 16:45:45,570 INFO 1622 [egg-schedule]: register schedule /Users/lxd/Desktop/mine/egg-example/node_modules/egg-multipart/app/schedule/clean_tmpdir.js
2020-09-26 16:45:45,570 INFO 1622 [egg-schedule]: register schedule /Users/lxd/Desktop/mine/egg-example/node_modules/egg-logrotator/app/schedule/clean_log.js
2020-09-26 16:45:45,570 INFO 1622 [egg-schedule]: register schedule /Users/lxd/Desktop/mine/egg-example/node_modules/egg-logrotator/app/schedule/rotate_by_file.js
2020-09-26 16:51:57,589 INFO 1837 [egg-schedule]: register schedule /Users/lxd/Desktop/mine/egg-example/node_modules/egg-multipart/app/schedule/clean_tmpdir.js
2020-09-26 16:51:57,589 INFO 1837 [egg-schedule]: register schedule /Users/lxd/Desktop/mine/egg-example/node_modules/egg-logrotator/app/schedule/clean_log.js
2020-09-26 16:51:57,589 INFO 1837 [egg-schedule]: register schedule /Users/lxd/Desktop/mine/egg-example/node_modules/egg-logrotator/app/schedule/rotate_by_file.js
2020-09-26 16:52:10,824 INFO 1849 [egg-schedule]: register schedule /Users/lxd/Desktop/mine/egg-example/node_modules/egg-multipart/app/schedule/clean_tmpdir.js
2020-09-26 16:52:10,824 INFO 1849 [egg-schedule]: register schedule /Users/lxd/Desktop/mine/egg-example/node_modules/egg-logrotator/app/schedule/clean_log.js
2020-09-26 16:52:10,824 INFO 1849 [egg-schedule]: register schedule /Users/lxd/Desktop/mine/egg-example/node_modules/egg-logrotator/app/schedule/rotate_by_file.js
2020-09-26 16:53:00,281 INFO 1894 [egg-schedule]: register schedule /Users/lxd/Desktop/mine/egg-example/node_modules/egg-multipart/app/schedule/clean_tmpdir.js
2020-09-26 16:53:00,281 INFO 1894 [egg-schedule]: register schedule /Users/lxd/Desktop/mine/egg-example/node_modules/egg-logrotator/app/schedule/clean_log.js
2020-09-26 16:53:00,281 INFO 1894 [egg-schedule]: register schedule /Users/lxd/Desktop/mine/egg-example/node_modules/egg-logrotator/app/schedule/rotate_by_file.js
2020-09-26 16:53:22,021 INFO 1906 [egg-schedule]: register schedule /Users/lxd/Desktop/mine/egg-example/node_modules/egg-multipart/app/schedule/clean_tmpdir.js
2020-09-26 16:53:22,021 INFO 1906 [egg-schedule]: register schedule /Users/lxd/Desktop/mine/egg-example/node_modules/egg-logrotator/app/schedule/clean_log.js
2020-09-26 16:53:22,021 INFO 1906 [egg-schedule]: register schedule /Users/lxd/Desktop/mine/egg-example/node_modules/egg-logrotator/app/schedule/rotate_by_file.js
2020-09-26 17:15:05,636 INFO 2701 [Timer] /Users/lxd/Desktop/egg-example/node_modules/egg-multipart/app/schedule/clean_tmpdir.js next time will execute after 40494366ms at 2020-09-27 04:30:00.002
2020-09-26 17:15:05,636 INFO 2701 [Timer] /Users/lxd/Desktop/egg-example/node_modules/egg-logrotator/app/schedule/clean_log.js next time will execute after 24294364ms at 2020-09-27 00:00:00.000
2020-09-26 17:15:05,637 INFO 2701 [Timer] /Users/lxd/Desktop/egg-example/node_modules/egg-logrotator/app/schedule/rotate_by_file.js next time will execute after 24295364ms at 2020-09-27 00:00:01.001
2020-09-26 17:15:05,522 INFO 2702 [egg-schedule]: register schedule /Users/lxd/Desktop/egg-example/node_modules/egg-multipart/app/schedule/clean_tmpdir.js
2020-09-26 17:15:05,522 INFO 2702 [egg-schedule]: register schedule /Users/lxd/Desktop/egg-example/node_modules/egg-logrotator/app/schedule/clean_log.js
2020-09-26 17:15:05,522 INFO 2702 [egg-schedule]: register schedule /Users/lxd/Desktop/egg-example/node_modules/egg-logrotator/app/schedule/rotate_by_file.js
