2020-09-27 17:08:31,112 ERROR 28924 [-/127.0.0.1/-/0ms GET /] nodejs.ER_NOT_SUPPORTED_AUTH_MODEError: ER_NOT_SUPPORTED_AUTH_MODE: Client does not support authentication protocol requested by server; consider upgrading MySQL client
    at Handshake.Sequence._packetToError (/Users/lxd/Desktop/egg-example/node_modules/mysql/lib/protocol/sequences/Sequence.js:47:14)
    at Handshake.ErrorPacket (/Users/lxd/Desktop/egg-example/node_modules/mysql/lib/protocol/sequences/Handshake.js:123:18)
    at Protocol._parsePacket (/Users/lxd/Desktop/egg-example/node_modules/mysql/lib/protocol/Protocol.js:291:23)
    at Parser._parsePacket (/Users/lxd/Desktop/egg-example/node_modules/mysql/lib/protocol/Parser.js:433:10)
    at Parser.write (/Users/lxd/Desktop/egg-example/node_modules/mysql/lib/protocol/Parser.js:43:10)
    at Protocol.write (/Users/lxd/Desktop/egg-example/node_modules/mysql/lib/protocol/Protocol.js:38:16)
    at Socket.<anonymous> (/Users/lxd/Desktop/egg-example/node_modules/mysql/lib/Connection.js:88:28)
    at Socket.<anonymous> (/Users/lxd/Desktop/egg-example/node_modules/mysql/lib/Connection.js:526:10)
    at Socket.emit (events.js:310:20)
    at addChunk (_stream_readable.js:286:12)
    --------------------
    at Protocol._enqueue (/Users/lxd/Desktop/egg-example/node_modules/mysql/lib/protocol/Protocol.js:144:48)
    at Protocol.handshake (/Users/lxd/Desktop/egg-example/node_modules/mysql/lib/protocol/Protocol.js:51:23)
    at PoolConnection.connect (/Users/lxd/Desktop/egg-example/node_modules/mysql/lib/Connection.js:116:18)
    at Pool.getConnection (/Users/lxd/Desktop/egg-example/node_modules/mysql/lib/Pool.js:48:16)
    at /Users/lxd/Desktop/egg-example/node_modules/ali-rds/node_modules/pify/index.js:29:7
    at new Promise (<anonymous>)
    at Pool.<anonymous> (/Users/lxd/Desktop/egg-example/node_modules/ali-rds/node_modules/pify/index.js:12:10)
    at Pool.ret [as getConnection] (/Users/lxd/Desktop/egg-example/node_modules/ali-rds/node_modules/pify/index.js:56:34)
    at Pool.query (/Users/lxd/Desktop/egg-example/node_modules/mysql/lib/Pool.js:202:8)
    at /Users/lxd/Desktop/egg-example/node_modules/ali-rds/node_modules/pify/index.js:29:7
    sql: select now() as currentTime;
code: "ER_NOT_SUPPORTED_AUTH_MODE"
errno: 1251
sqlMessage: "Client does not support authentication protocol requested by server; consider upgrading MySQL client"
sqlState: "08004"
fatal: true
name: "ER_NOT_SUPPORTED_AUTH_MODEError"
pid: 28924
hostname: lxddeMacBook-Pro.local

2020-09-27 17:08:51,205 ERROR 28946 [-/127.0.0.1/-/0ms GET /] nodejs.ER_NOT_SUPPORTED_AUTH_MODEError: ER_NOT_SUPPORTED_AUTH_MODE: Client does not support authentication protocol requested by server; consider upgrading MySQL client
    at Handshake.Sequence._packetToError (/Users/lxd/Desktop/egg-example/node_modules/mysql/lib/protocol/sequences/Sequence.js:47:14)
    at Handshake.ErrorPacket (/Users/lxd/Desktop/egg-example/node_modules/mysql/lib/protocol/sequences/Handshake.js:123:18)
    at Protocol._parsePacket (/Users/lxd/Desktop/egg-example/node_modules/mysql/lib/protocol/Protocol.js:291:23)
    at Parser._parsePacket (/Users/lxd/Desktop/egg-example/node_modules/mysql/lib/protocol/Parser.js:433:10)
    at Parser.write (/Users/lxd/Desktop/egg-example/node_modules/mysql/lib/protocol/Parser.js:43:10)
    at Protocol.write (/Users/lxd/Desktop/egg-example/node_modules/mysql/lib/protocol/Protocol.js:38:16)
    at Socket.<anonymous> (/Users/lxd/Desktop/egg-example/node_modules/mysql/lib/Connection.js:88:28)
    at Socket.<anonymous> (/Users/lxd/Desktop/egg-example/node_modules/mysql/lib/Connection.js:526:10)
    at Socket.emit (events.js:310:20)
    at addChunk (_stream_readable.js:286:12)
    --------------------
    at Protocol._enqueue (/Users/lxd/Desktop/egg-example/node_modules/mysql/lib/protocol/Protocol.js:144:48)
    at Protocol.handshake (/Users/lxd/Desktop/egg-example/node_modules/mysql/lib/protocol/Protocol.js:51:23)
    at PoolConnection.connect (/Users/lxd/Desktop/egg-example/node_modules/mysql/lib/Connection.js:116:18)
    at Pool.getConnection (/Users/lxd/Desktop/egg-example/node_modules/mysql/lib/Pool.js:48:16)
    at /Users/lxd/Desktop/egg-example/node_modules/ali-rds/node_modules/pify/index.js:29:7
    at new Promise (<anonymous>)
    at Pool.<anonymous> (/Users/lxd/Desktop/egg-example/node_modules/ali-rds/node_modules/pify/index.js:12:10)
    at Pool.ret [as getConnection] (/Users/lxd/Desktop/egg-example/node_modules/ali-rds/node_modules/pify/index.js:56:34)
    at Pool.query (/Users/lxd/Desktop/egg-example/node_modules/mysql/lib/Pool.js:202:8)
    at /Users/lxd/Desktop/egg-example/node_modules/ali-rds/node_modules/pify/index.js:29:7
    sql: select now() as currentTime;
code: "ER_NOT_SUPPORTED_AUTH_MODE"
errno: 1251
sqlMessage: "Client does not support authentication protocol requested by server; consider upgrading MySQL client"
sqlState: "08004"
fatal: true
name: "ER_NOT_SUPPORTED_AUTH_MODEError"
pid: 28946
hostname: lxddeMacBook-Pro.local

2020-09-27 17:09:23,579 ERROR 28972 [-/127.0.0.1/-/0ms GET /] nodejs.ER_NOT_SUPPORTED_AUTH_MODEError: ER_NOT_SUPPORTED_AUTH_MODE: Client does not support authentication protocol requested by server; consider upgrading MySQL client
    at Handshake.Sequence._packetToError (/Users/lxd/Desktop/egg-example/node_modules/mysql/lib/protocol/sequences/Sequence.js:47:14)
    at Handshake.ErrorPacket (/Users/lxd/Desktop/egg-example/node_modules/mysql/lib/protocol/sequences/Handshake.js:123:18)
    at Protocol._parsePacket (/Users/lxd/Desktop/egg-example/node_modules/mysql/lib/protocol/Protocol.js:291:23)
    at Parser._parsePacket (/Users/lxd/Desktop/egg-example/node_modules/mysql/lib/protocol/Parser.js:433:10)
    at Parser.write (/Users/lxd/Desktop/egg-example/node_modules/mysql/lib/protocol/Parser.js:43:10)
    at Protocol.write (/Users/lxd/Desktop/egg-example/node_modules/mysql/lib/protocol/Protocol.js:38:16)
    at Socket.<anonymous> (/Users/lxd/Desktop/egg-example/node_modules/mysql/lib/Connection.js:88:28)
    at Socket.<anonymous> (/Users/lxd/Desktop/egg-example/node_modules/mysql/lib/Connection.js:526:10)
    at Socket.emit (events.js:310:20)
    at addChunk (_stream_readable.js:286:12)
    --------------------
    at Protocol._enqueue (/Users/lxd/Desktop/egg-example/node_modules/mysql/lib/protocol/Protocol.js:144:48)
    at Protocol.handshake (/Users/lxd/Desktop/egg-example/node_modules/mysql/lib/protocol/Protocol.js:51:23)
    at PoolConnection.connect (/Users/lxd/Desktop/egg-example/node_modules/mysql/lib/Connection.js:116:18)
    at Pool.getConnection (/Users/lxd/Desktop/egg-example/node_modules/mysql/lib/Pool.js:48:16)
    at /Users/lxd/Desktop/egg-example/node_modules/ali-rds/node_modules/pify/index.js:29:7
    at new Promise (<anonymous>)
    at Pool.<anonymous> (/Users/lxd/Desktop/egg-example/node_modules/ali-rds/node_modules/pify/index.js:12:10)
    at Pool.ret [as getConnection] (/Users/lxd/Desktop/egg-example/node_modules/ali-rds/node_modules/pify/index.js:56:34)
    at Pool.query (/Users/lxd/Desktop/egg-example/node_modules/mysql/lib/Pool.js:202:8)
    at /Users/lxd/Desktop/egg-example/node_modules/ali-rds/node_modules/pify/index.js:29:7
    sql: select now() as currentTime;
code: "ER_NOT_SUPPORTED_AUTH_MODE"
errno: 1251
sqlMessage: "Client does not support authentication protocol requested by server; consider upgrading MySQL client"
sqlState: "08004"
fatal: true
name: "ER_NOT_SUPPORTED_AUTH_MODEError"
pid: 28972
hostname: lxddeMacBook-Pro.local

2020-09-27 17:11:55,527 ERROR 29161 [-/127.0.0.1/-/0ms GET /] nodejs.ER_NOT_SUPPORTED_AUTH_MODEError: ER_NOT_SUPPORTED_AUTH_MODE: Client does not support authentication protocol requested by server; consider upgrading MySQL client
    at Handshake.Sequence._packetToError (/Users/lxd/Desktop/egg-example/node_modules/mysql/lib/protocol/sequences/Sequence.js:47:14)
    at Handshake.ErrorPacket (/Users/lxd/Desktop/egg-example/node_modules/mysql/lib/protocol/sequences/Handshake.js:123:18)
    at Protocol._parsePacket (/Users/lxd/Desktop/egg-example/node_modules/mysql/lib/protocol/Protocol.js:291:23)
    at Parser._parsePacket (/Users/lxd/Desktop/egg-example/node_modules/mysql/lib/protocol/Parser.js:433:10)
    at Parser.write (/Users/lxd/Desktop/egg-example/node_modules/mysql/lib/protocol/Parser.js:43:10)
    at Protocol.write (/Users/lxd/Desktop/egg-example/node_modules/mysql/lib/protocol/Protocol.js:38:16)
    at Socket.<anonymous> (/Users/lxd/Desktop/egg-example/node_modules/mysql/lib/Connection.js:88:28)
    at Socket.<anonymous> (/Users/lxd/Desktop/egg-example/node_modules/mysql/lib/Connection.js:526:10)
    at Socket.emit (events.js:310:20)
    at addChunk (_stream_readable.js:286:12)
    --------------------
    at Protocol._enqueue (/Users/lxd/Desktop/egg-example/node_modules/mysql/lib/protocol/Protocol.js:144:48)
    at Protocol.handshake (/Users/lxd/Desktop/egg-example/node_modules/mysql/lib/protocol/Protocol.js:51:23)
    at PoolConnection.connect (/Users/lxd/Desktop/egg-example/node_modules/mysql/lib/Connection.js:116:18)
    at Pool.getConnection (/Users/lxd/Desktop/egg-example/node_modules/mysql/lib/Pool.js:48:16)
    at /Users/lxd/Desktop/egg-example/node_modules/ali-rds/node_modules/pify/index.js:29:7
    at new Promise (<anonymous>)
    at Pool.<anonymous> (/Users/lxd/Desktop/egg-example/node_modules/ali-rds/node_modules/pify/index.js:12:10)
    at Pool.ret [as getConnection] (/Users/lxd/Desktop/egg-example/node_modules/ali-rds/node_modules/pify/index.js:56:34)
    at Pool.query (/Users/lxd/Desktop/egg-example/node_modules/mysql/lib/Pool.js:202:8)
    at /Users/lxd/Desktop/egg-example/node_modules/ali-rds/node_modules/pify/index.js:29:7
    sql: select now() as currentTime;
code: "ER_NOT_SUPPORTED_AUTH_MODE"
errno: 1251
sqlMessage: "Client does not support authentication protocol requested by server; consider upgrading MySQL client"
sqlState: "08004"
fatal: true
name: "ER_NOT_SUPPORTED_AUTH_MODEError"
pid: 29161
hostname: lxddeMacBook-Pro.local

2020-09-27 17:12:33,486 ERROR 29183 [-/127.0.0.1/-/0ms GET /] nodejs.ER_NOT_SUPPORTED_AUTH_MODEError: ER_NOT_SUPPORTED_AUTH_MODE: Client does not support authentication protocol requested by server; consider upgrading MySQL client
    at Handshake.Sequence._packetToError (/Users/lxd/Desktop/egg-example/node_modules/mysql/lib/protocol/sequences/Sequence.js:47:14)
    at Handshake.ErrorPacket (/Users/lxd/Desktop/egg-example/node_modules/mysql/lib/protocol/sequences/Handshake.js:123:18)
    at Protocol._parsePacket (/Users/lxd/Desktop/egg-example/node_modules/mysql/lib/protocol/Protocol.js:291:23)
    at Parser._parsePacket (/Users/lxd/Desktop/egg-example/node_modules/mysql/lib/protocol/Parser.js:433:10)
    at Parser.write (/Users/lxd/Desktop/egg-example/node_modules/mysql/lib/protocol/Parser.js:43:10)
    at Protocol.write (/Users/lxd/Desktop/egg-example/node_modules/mysql/lib/protocol/Protocol.js:38:16)
    at Socket.<anonymous> (/Users/lxd/Desktop/egg-example/node_modules/mysql/lib/Connection.js:88:28)
    at Socket.<anonymous> (/Users/lxd/Desktop/egg-example/node_modules/mysql/lib/Connection.js:526:10)
    at Socket.emit (events.js:310:20)
    at addChunk (_stream_readable.js:286:12)
    --------------------
    at Protocol._enqueue (/Users/lxd/Desktop/egg-example/node_modules/mysql/lib/protocol/Protocol.js:144:48)
    at Protocol.handshake (/Users/lxd/Desktop/egg-example/node_modules/mysql/lib/protocol/Protocol.js:51:23)
    at PoolConnection.connect (/Users/lxd/Desktop/egg-example/node_modules/mysql/lib/Connection.js:116:18)
    at Pool.getConnection (/Users/lxd/Desktop/egg-example/node_modules/mysql/lib/Pool.js:48:16)
    at /Users/lxd/Desktop/egg-example/node_modules/ali-rds/node_modules/pify/index.js:29:7
    at new Promise (<anonymous>)
    at Pool.<anonymous> (/Users/lxd/Desktop/egg-example/node_modules/ali-rds/node_modules/pify/index.js:12:10)
    at Pool.ret [as getConnection] (/Users/lxd/Desktop/egg-example/node_modules/ali-rds/node_modules/pify/index.js:56:34)
    at Pool.query (/Users/lxd/Desktop/egg-example/node_modules/mysql/lib/Pool.js:202:8)
    at /Users/lxd/Desktop/egg-example/node_modules/ali-rds/node_modules/pify/index.js:29:7
    sql: select now() as currentTime;
code: "ER_NOT_SUPPORTED_AUTH_MODE"
errno: 1251
sqlMessage: "Client does not support authentication protocol requested by server; consider upgrading MySQL client"
sqlState: "08004"
fatal: true
name: "ER_NOT_SUPPORTED_AUTH_MODEError"
pid: 29183
hostname: lxddeMacBook-Pro.local

2020-09-27 17:18:51,632 ERROR 29348 [-/127.0.0.1/-/0ms GET /] nodejs.ER_NOT_SUPPORTED_AUTH_MODEError: ER_NOT_SUPPORTED_AUTH_MODE: Client does not support authentication protocol requested by server; consider upgrading MySQL client
    at Handshake.Sequence._packetToError (/Users/lxd/Desktop/egg-example/node_modules/mysql/lib/protocol/sequences/Sequence.js:47:14)
    at Handshake.ErrorPacket (/Users/lxd/Desktop/egg-example/node_modules/mysql/lib/protocol/sequences/Handshake.js:123:18)
    at Protocol._parsePacket (/Users/lxd/Desktop/egg-example/node_modules/mysql/lib/protocol/Protocol.js:291:23)
    at Parser._parsePacket (/Users/lxd/Desktop/egg-example/node_modules/mysql/lib/protocol/Parser.js:433:10)
    at Parser.write (/Users/lxd/Desktop/egg-example/node_modules/mysql/lib/protocol/Parser.js:43:10)
    at Protocol.write (/Users/lxd/Desktop/egg-example/node_modules/mysql/lib/protocol/Protocol.js:38:16)
    at Socket.<anonymous> (/Users/lxd/Desktop/egg-example/node_modules/mysql/lib/Connection.js:88:28)
    at Socket.<anonymous> (/Users/lxd/Desktop/egg-example/node_modules/mysql/lib/Connection.js:526:10)
    at Socket.emit (events.js:310:20)
    at addChunk (_stream_readable.js:286:12)
    --------------------
    at Protocol._enqueue (/Users/lxd/Desktop/egg-example/node_modules/mysql/lib/protocol/Protocol.js:144:48)
    at Protocol.handshake (/Users/lxd/Desktop/egg-example/node_modules/mysql/lib/protocol/Protocol.js:51:23)
    at PoolConnection.connect (/Users/lxd/Desktop/egg-example/node_modules/mysql/lib/Connection.js:116:18)
    at Pool.getConnection (/Users/lxd/Desktop/egg-example/node_modules/mysql/lib/Pool.js:48:16)
    at /Users/lxd/Desktop/egg-example/node_modules/ali-rds/node_modules/pify/index.js:29:7
    at new Promise (<anonymous>)
    at Pool.<anonymous> (/Users/lxd/Desktop/egg-example/node_modules/ali-rds/node_modules/pify/index.js:12:10)
    at Pool.ret [as getConnection] (/Users/lxd/Desktop/egg-example/node_modules/ali-rds/node_modules/pify/index.js:56:34)
    at Pool.query (/Users/lxd/Desktop/egg-example/node_modules/mysql/lib/Pool.js:202:8)
    at /Users/lxd/Desktop/egg-example/node_modules/ali-rds/node_modules/pify/index.js:29:7
    sql: select now() as currentTime;
code: "ER_NOT_SUPPORTED_AUTH_MODE"
errno: 1251
sqlMessage: "Client does not support authentication protocol requested by server; consider upgrading MySQL client"
sqlState: "08004"
fatal: true
name: "ER_NOT_SUPPORTED_AUTH_MODEError"
pid: 29348
hostname: lxddeMacBook-Pro.local

2020-09-27 17:18:55,941 ERROR 29363 [-/127.0.0.1/-/0ms GET /] nodejs.ER_NOT_SUPPORTED_AUTH_MODEError: ER_NOT_SUPPORTED_AUTH_MODE: Client does not support authentication protocol requested by server; consider upgrading MySQL client
    at Handshake.Sequence._packetToError (/Users/lxd/Desktop/egg-example/node_modules/mysql/lib/protocol/sequences/Sequence.js:47:14)
    at Handshake.ErrorPacket (/Users/lxd/Desktop/egg-example/node_modules/mysql/lib/protocol/sequences/Handshake.js:123:18)
    at Protocol._parsePacket (/Users/lxd/Desktop/egg-example/node_modules/mysql/lib/protocol/Protocol.js:291:23)
    at Parser._parsePacket (/Users/lxd/Desktop/egg-example/node_modules/mysql/lib/protocol/Parser.js:433:10)
    at Parser.write (/Users/lxd/Desktop/egg-example/node_modules/mysql/lib/protocol/Parser.js:43:10)
    at Protocol.write (/Users/lxd/Desktop/egg-example/node_modules/mysql/lib/protocol/Protocol.js:38:16)
    at Socket.<anonymous> (/Users/lxd/Desktop/egg-example/node_modules/mysql/lib/Connection.js:88:28)
    at Socket.<anonymous> (/Users/lxd/Desktop/egg-example/node_modules/mysql/lib/Connection.js:526:10)
    at Socket.emit (events.js:310:20)
    at addChunk (_stream_readable.js:286:12)
    --------------------
    at Protocol._enqueue (/Users/lxd/Desktop/egg-example/node_modules/mysql/lib/protocol/Protocol.js:144:48)
    at Protocol.handshake (/Users/lxd/Desktop/egg-example/node_modules/mysql/lib/protocol/Protocol.js:51:23)
    at PoolConnection.connect (/Users/lxd/Desktop/egg-example/node_modules/mysql/lib/Connection.js:116:18)
    at Pool.getConnection (/Users/lxd/Desktop/egg-example/node_modules/mysql/lib/Pool.js:48:16)
    at /Users/lxd/Desktop/egg-example/node_modules/ali-rds/node_modules/pify/index.js:29:7
    at new Promise (<anonymous>)
    at Pool.<anonymous> (/Users/lxd/Desktop/egg-example/node_modules/ali-rds/node_modules/pify/index.js:12:10)
    at Pool.ret [as getConnection] (/Users/lxd/Desktop/egg-example/node_modules/ali-rds/node_modules/pify/index.js:56:34)
    at Pool.query (/Users/lxd/Desktop/egg-example/node_modules/mysql/lib/Pool.js:202:8)
    at /Users/lxd/Desktop/egg-example/node_modules/ali-rds/node_modules/pify/index.js:29:7
    sql: select now() as currentTime;
code: "ER_NOT_SUPPORTED_AUTH_MODE"
errno: 1251
sqlMessage: "Client does not support authentication protocol requested by server; consider upgrading MySQL client"
sqlState: "08004"
fatal: true
name: "ER_NOT_SUPPORTED_AUTH_MODEError"
pid: 29363
hostname: lxddeMacBook-Pro.local

2020-09-27 17:19:23,255 ERROR 29386 [-/127.0.0.1/-/0ms GET /] nodejs.ER_NOT_SUPPORTED_AUTH_MODEError: ER_NOT_SUPPORTED_AUTH_MODE: Client does not support authentication protocol requested by server; consider upgrading MySQL client
    at Handshake.Sequence._packetToError (/Users/lxd/Desktop/egg-example/node_modules/mysql/lib/protocol/sequences/Sequence.js:47:14)
    at Handshake.ErrorPacket (/Users/lxd/Desktop/egg-example/node_modules/mysql/lib/protocol/sequences/Handshake.js:123:18)
    at Protocol._parsePacket (/Users/lxd/Desktop/egg-example/node_modules/mysql/lib/protocol/Protocol.js:291:23)
    at Parser._parsePacket (/Users/lxd/Desktop/egg-example/node_modules/mysql/lib/protocol/Parser.js:433:10)
    at Parser.write (/Users/lxd/Desktop/egg-example/node_modules/mysql/lib/protocol/Parser.js:43:10)
    at Protocol.write (/Users/lxd/Desktop/egg-example/node_modules/mysql/lib/protocol/Protocol.js:38:16)
    at Socket.<anonymous> (/Users/lxd/Desktop/egg-example/node_modules/mysql/lib/Connection.js:88:28)
    at Socket.<anonymous> (/Users/lxd/Desktop/egg-example/node_modules/mysql/lib/Connection.js:526:10)
    at Socket.emit (events.js:310:20)
    at addChunk (_stream_readable.js:286:12)
    --------------------
    at Protocol._enqueue (/Users/lxd/Desktop/egg-example/node_modules/mysql/lib/protocol/Protocol.js:144:48)
    at Protocol.handshake (/Users/lxd/Desktop/egg-example/node_modules/mysql/lib/protocol/Protocol.js:51:23)
    at PoolConnection.connect (/Users/lxd/Desktop/egg-example/node_modules/mysql/lib/Connection.js:116:18)
    at Pool.getConnection (/Users/lxd/Desktop/egg-example/node_modules/mysql/lib/Pool.js:48:16)
    at /Users/lxd/Desktop/egg-example/node_modules/ali-rds/node_modules/pify/index.js:29:7
    at new Promise (<anonymous>)
    at Pool.<anonymous> (/Users/lxd/Desktop/egg-example/node_modules/ali-rds/node_modules/pify/index.js:12:10)
    at Pool.ret [as getConnection] (/Users/lxd/Desktop/egg-example/node_modules/ali-rds/node_modules/pify/index.js:56:34)
    at Pool.query (/Users/lxd/Desktop/egg-example/node_modules/mysql/lib/Pool.js:202:8)
    at /Users/lxd/Desktop/egg-example/node_modules/ali-rds/node_modules/pify/index.js:29:7
    sql: select now() as currentTime;
code: "ER_NOT_SUPPORTED_AUTH_MODE"
errno: 1251
sqlMessage: "Client does not support authentication protocol requested by server; consider upgrading MySQL client"
sqlState: "08004"
fatal: true
name: "ER_NOT_SUPPORTED_AUTH_MODEError"
pid: 29386
hostname: lxddeMacBook-Pro.local

2020-09-27 17:20:50,030 ERROR 29466 [-/127.0.0.1/-/0ms GET /] nodejs.ER_NOT_SUPPORTED_AUTH_MODEError: ER_NOT_SUPPORTED_AUTH_MODE: Client does not support authentication protocol requested by server; consider upgrading MySQL client
    at Handshake.Sequence._packetToError (/Users/lxd/Desktop/egg-example/node_modules/mysql/lib/protocol/sequences/Sequence.js:47:14)
    at Handshake.ErrorPacket (/Users/lxd/Desktop/egg-example/node_modules/mysql/lib/protocol/sequences/Handshake.js:123:18)
    at Protocol._parsePacket (/Users/lxd/Desktop/egg-example/node_modules/mysql/lib/protocol/Protocol.js:291:23)
    at Parser._parsePacket (/Users/lxd/Desktop/egg-example/node_modules/mysql/lib/protocol/Parser.js:433:10)
    at Parser.write (/Users/lxd/Desktop/egg-example/node_modules/mysql/lib/protocol/Parser.js:43:10)
    at Protocol.write (/Users/lxd/Desktop/egg-example/node_modules/mysql/lib/protocol/Protocol.js:38:16)
    at Socket.<anonymous> (/Users/lxd/Desktop/egg-example/node_modules/mysql/lib/Connection.js:88:28)
    at Socket.<anonymous> (/Users/lxd/Desktop/egg-example/node_modules/mysql/lib/Connection.js:526:10)
    at Socket.emit (events.js:310:20)
    at addChunk (_stream_readable.js:286:12)
    --------------------
    at Protocol._enqueue (/Users/lxd/Desktop/egg-example/node_modules/mysql/lib/protocol/Protocol.js:144:48)
    at Protocol.handshake (/Users/lxd/Desktop/egg-example/node_modules/mysql/lib/protocol/Protocol.js:51:23)
    at PoolConnection.connect (/Users/lxd/Desktop/egg-example/node_modules/mysql/lib/Connection.js:116:18)
    at Pool.getConnection (/Users/lxd/Desktop/egg-example/node_modules/mysql/lib/Pool.js:48:16)
    at /Users/lxd/Desktop/egg-example/node_modules/ali-rds/node_modules/pify/index.js:29:7
    at new Promise (<anonymous>)
    at Pool.<anonymous> (/Users/lxd/Desktop/egg-example/node_modules/ali-rds/node_modules/pify/index.js:12:10)
    at Pool.ret [as getConnection] (/Users/lxd/Desktop/egg-example/node_modules/ali-rds/node_modules/pify/index.js:56:34)
    at Pool.query (/Users/lxd/Desktop/egg-example/node_modules/mysql/lib/Pool.js:202:8)
    at /Users/lxd/Desktop/egg-example/node_modules/ali-rds/node_modules/pify/index.js:29:7
    sql: select now() as currentTime;
code: "ER_NOT_SUPPORTED_AUTH_MODE"
errno: 1251
sqlMessage: "Client does not support authentication protocol requested by server; consider upgrading MySQL client"
sqlState: "08004"
fatal: true
name: "ER_NOT_SUPPORTED_AUTH_MODEError"
pid: 29466
hostname: lxddeMacBook-Pro.local

2020-09-27 17:27:06,814 ERROR 29643 [-/127.0.0.1/-/0ms GET /] nodejs.ER_ACCESS_DENIED_ERRORError: ER_ACCESS_DENIED_ERROR: Access denied for user 'root'@'localhost' (using password: YES)
    at Handshake.Sequence._packetToError (/Users/lxd/Desktop/egg-example/node_modules/mysql/lib/protocol/sequences/Sequence.js:47:14)
    at Handshake.ErrorPacket (/Users/lxd/Desktop/egg-example/node_modules/mysql/lib/protocol/sequences/Handshake.js:123:18)
    at Protocol._parsePacket (/Users/lxd/Desktop/egg-example/node_modules/mysql/lib/protocol/Protocol.js:291:23)
    at Parser._parsePacket (/Users/lxd/Desktop/egg-example/node_modules/mysql/lib/protocol/Parser.js:433:10)
    at Parser.write (/Users/lxd/Desktop/egg-example/node_modules/mysql/lib/protocol/Parser.js:43:10)
    at Protocol.write (/Users/lxd/Desktop/egg-example/node_modules/mysql/lib/protocol/Protocol.js:38:16)
    at Socket.<anonymous> (/Users/lxd/Desktop/egg-example/node_modules/mysql/lib/Connection.js:88:28)
    at Socket.<anonymous> (/Users/lxd/Desktop/egg-example/node_modules/mysql/lib/Connection.js:526:10)
    at Socket.emit (events.js:310:20)
    at addChunk (_stream_readable.js:286:12)
    --------------------
    at Protocol._enqueue (/Users/lxd/Desktop/egg-example/node_modules/mysql/lib/protocol/Protocol.js:144:48)
    at Protocol.handshake (/Users/lxd/Desktop/egg-example/node_modules/mysql/lib/protocol/Protocol.js:51:23)
    at PoolConnection.connect (/Users/lxd/Desktop/egg-example/node_modules/mysql/lib/Connection.js:116:18)
    at Pool.getConnection (/Users/lxd/Desktop/egg-example/node_modules/mysql/lib/Pool.js:48:16)
    at /Users/lxd/Desktop/egg-example/node_modules/ali-rds/node_modules/pify/index.js:29:7
    at new Promise (<anonymous>)
    at Pool.<anonymous> (/Users/lxd/Desktop/egg-example/node_modules/ali-rds/node_modules/pify/index.js:12:10)
    at Pool.ret [as getConnection] (/Users/lxd/Desktop/egg-example/node_modules/ali-rds/node_modules/pify/index.js:56:34)
    at Pool.query (/Users/lxd/Desktop/egg-example/node_modules/mysql/lib/Pool.js:202:8)
    at /Users/lxd/Desktop/egg-example/node_modules/ali-rds/node_modules/pify/index.js:29:7
    sql: select now() as currentTime;
code: "ER_ACCESS_DENIED_ERROR"
errno: 1045
sqlMessage: "Access denied for user 'root'@'localhost' (using password: YES)"
sqlState: "28000"
fatal: true
name: "ER_ACCESS_DENIED_ERRORError"
pid: 29643
hostname: lxddeMacBook-Pro.local

2020-09-27 17:28:39,496 ERROR 29708 [-/127.0.0.1/-/0ms GET /] nodejs.ER_ACCESS_DENIED_ERRORError: ER_ACCESS_DENIED_ERROR: Access denied for user 'root'@'localhost' (using password: YES)
    at Handshake.Sequence._packetToError (/Users/lxd/Desktop/egg-example/node_modules/mysql/lib/protocol/sequences/Sequence.js:47:14)
    at Handshake.ErrorPacket (/Users/lxd/Desktop/egg-example/node_modules/mysql/lib/protocol/sequences/Handshake.js:123:18)
    at Protocol._parsePacket (/Users/lxd/Desktop/egg-example/node_modules/mysql/lib/protocol/Protocol.js:291:23)
    at Parser._parsePacket (/Users/lxd/Desktop/egg-example/node_modules/mysql/lib/protocol/Parser.js:433:10)
    at Parser.write (/Users/lxd/Desktop/egg-example/node_modules/mysql/lib/protocol/Parser.js:43:10)
    at Protocol.write (/Users/lxd/Desktop/egg-example/node_modules/mysql/lib/protocol/Protocol.js:38:16)
    at Socket.<anonymous> (/Users/lxd/Desktop/egg-example/node_modules/mysql/lib/Connection.js:88:28)
    at Socket.<anonymous> (/Users/lxd/Desktop/egg-example/node_modules/mysql/lib/Connection.js:526:10)
    at Socket.emit (events.js:310:20)
    at addChunk (_stream_readable.js:286:12)
    --------------------
    at Protocol._enqueue (/Users/lxd/Desktop/egg-example/node_modules/mysql/lib/protocol/Protocol.js:144:48)
    at Protocol.handshake (/Users/lxd/Desktop/egg-example/node_modules/mysql/lib/protocol/Protocol.js:51:23)
    at PoolConnection.connect (/Users/lxd/Desktop/egg-example/node_modules/mysql/lib/Connection.js:116:18)
    at Pool.getConnection (/Users/lxd/Desktop/egg-example/node_modules/mysql/lib/Pool.js:48:16)
    at /Users/lxd/Desktop/egg-example/node_modules/ali-rds/node_modules/pify/index.js:29:7
    at new Promise (<anonymous>)
    at Pool.<anonymous> (/Users/lxd/Desktop/egg-example/node_modules/ali-rds/node_modules/pify/index.js:12:10)
    at Pool.ret [as getConnection] (/Users/lxd/Desktop/egg-example/node_modules/ali-rds/node_modules/pify/index.js:56:34)
    at Pool.query (/Users/lxd/Desktop/egg-example/node_modules/mysql/lib/Pool.js:202:8)
    at /Users/lxd/Desktop/egg-example/node_modules/ali-rds/node_modules/pify/index.js:29:7
    sql: select now() as currentTime;
code: "ER_ACCESS_DENIED_ERROR"
errno: 1045
sqlMessage: "Access denied for user 'root'@'localhost' (using password: YES)"
sqlState: "28000"
fatal: true
name: "ER_ACCESS_DENIED_ERRORError"
pid: 29708
hostname: lxddeMacBook-Pro.local

2020-09-27 17:28:48,622 ERROR 29722 [-/127.0.0.1/-/0ms GET /] nodejs.ER_ACCESS_DENIED_ERRORError: ER_ACCESS_DENIED_ERROR: Access denied for user 'root'@'localhost' (using password: YES)
    at Handshake.Sequence._packetToError (/Users/lxd/Desktop/egg-example/node_modules/mysql/lib/protocol/sequences/Sequence.js:47:14)
    at Handshake.ErrorPacket (/Users/lxd/Desktop/egg-example/node_modules/mysql/lib/protocol/sequences/Handshake.js:123:18)
    at Protocol._parsePacket (/Users/lxd/Desktop/egg-example/node_modules/mysql/lib/protocol/Protocol.js:291:23)
    at Parser._parsePacket (/Users/lxd/Desktop/egg-example/node_modules/mysql/lib/protocol/Parser.js:433:10)
    at Parser.write (/Users/lxd/Desktop/egg-example/node_modules/mysql/lib/protocol/Parser.js:43:10)
    at Protocol.write (/Users/lxd/Desktop/egg-example/node_modules/mysql/lib/protocol/Protocol.js:38:16)
    at Socket.<anonymous> (/Users/lxd/Desktop/egg-example/node_modules/mysql/lib/Connection.js:88:28)
    at Socket.<anonymous> (/Users/lxd/Desktop/egg-example/node_modules/mysql/lib/Connection.js:526:10)
    at Socket.emit (events.js:310:20)
    at addChunk (_stream_readable.js:286:12)
    --------------------
    at Protocol._enqueue (/Users/lxd/Desktop/egg-example/node_modules/mysql/lib/protocol/Protocol.js:144:48)
    at Protocol.handshake (/Users/lxd/Desktop/egg-example/node_modules/mysql/lib/protocol/Protocol.js:51:23)
    at PoolConnection.connect (/Users/lxd/Desktop/egg-example/node_modules/mysql/lib/Connection.js:116:18)
    at Pool.getConnection (/Users/lxd/Desktop/egg-example/node_modules/mysql/lib/Pool.js:48:16)
    at /Users/lxd/Desktop/egg-example/node_modules/ali-rds/node_modules/pify/index.js:29:7
    at new Promise (<anonymous>)
    at Pool.<anonymous> (/Users/lxd/Desktop/egg-example/node_modules/ali-rds/node_modules/pify/index.js:12:10)
    at Pool.ret [as getConnection] (/Users/lxd/Desktop/egg-example/node_modules/ali-rds/node_modules/pify/index.js:56:34)
    at Pool.query (/Users/lxd/Desktop/egg-example/node_modules/mysql/lib/Pool.js:202:8)
    at /Users/lxd/Desktop/egg-example/node_modules/ali-rds/node_modules/pify/index.js:29:7
    sql: select now() as currentTime;
code: "ER_ACCESS_DENIED_ERROR"
errno: 1045
sqlMessage: "Access denied for user 'root'@'localhost' (using password: YES)"
sqlState: "28000"
fatal: true
name: "ER_ACCESS_DENIED_ERRORError"
pid: 29722
hostname: lxddeMacBook-Pro.local

2020-09-27 17:29:10,584 ERROR 29756 [-/127.0.0.1/-/0ms GET /] nodejs.ER_ACCESS_DENIED_ERRORError: ER_ACCESS_DENIED_ERROR: Access denied for user 'root'@'localhost' (using password: YES)
    at Handshake.Sequence._packetToError (/Users/lxd/Desktop/egg-example/node_modules/mysql/lib/protocol/sequences/Sequence.js:47:14)
    at Handshake.ErrorPacket (/Users/lxd/Desktop/egg-example/node_modules/mysql/lib/protocol/sequences/Handshake.js:123:18)
    at Protocol._parsePacket (/Users/lxd/Desktop/egg-example/node_modules/mysql/lib/protocol/Protocol.js:291:23)
    at Parser._parsePacket (/Users/lxd/Desktop/egg-example/node_modules/mysql/lib/protocol/Parser.js:433:10)
    at Parser.write (/Users/lxd/Desktop/egg-example/node_modules/mysql/lib/protocol/Parser.js:43:10)
    at Protocol.write (/Users/lxd/Desktop/egg-example/node_modules/mysql/lib/protocol/Protocol.js:38:16)
    at Socket.<anonymous> (/Users/lxd/Desktop/egg-example/node_modules/mysql/lib/Connection.js:88:28)
    at Socket.<anonymous> (/Users/lxd/Desktop/egg-example/node_modules/mysql/lib/Connection.js:526:10)
    at Socket.emit (events.js:310:20)
    at addChunk (_stream_readable.js:286:12)
    --------------------
    at Protocol._enqueue (/Users/lxd/Desktop/egg-example/node_modules/mysql/lib/protocol/Protocol.js:144:48)
    at Protocol.handshake (/Users/lxd/Desktop/egg-example/node_modules/mysql/lib/protocol/Protocol.js:51:23)
    at PoolConnection.connect (/Users/lxd/Desktop/egg-example/node_modules/mysql/lib/Connection.js:116:18)
    at Pool.getConnection (/Users/lxd/Desktop/egg-example/node_modules/mysql/lib/Pool.js:48:16)
    at /Users/lxd/Desktop/egg-example/node_modules/ali-rds/node_modules/pify/index.js:29:7
    at new Promise (<anonymous>)
    at Pool.<anonymous> (/Users/lxd/Desktop/egg-example/node_modules/ali-rds/node_modules/pify/index.js:12:10)
    at Pool.ret [as getConnection] (/Users/lxd/Desktop/egg-example/node_modules/ali-rds/node_modules/pify/index.js:56:34)
    at Pool.query (/Users/lxd/Desktop/egg-example/node_modules/mysql/lib/Pool.js:202:8)
    at /Users/lxd/Desktop/egg-example/node_modules/ali-rds/node_modules/pify/index.js:29:7
    sql: select now() as currentTime;
code: "ER_ACCESS_DENIED_ERROR"
errno: 1045
sqlMessage: "Access denied for user 'root'@'localhost' (using password: YES)"
sqlState: "28000"
fatal: true
name: "ER_ACCESS_DENIED_ERRORError"
pid: 29756
hostname: lxddeMacBook-Pro.local

2020-09-27 17:30:56,752 ERROR 29835 [-/127.0.0.1/-/0ms GET /] nodejs.ER_ACCESS_DENIED_ERRORError: ER_ACCESS_DENIED_ERROR: Access denied for user 'root'@'localhost' (using password: YES)
    at Handshake.Sequence._packetToError (/Users/lxd/Desktop/egg-example/node_modules/mysql/lib/protocol/sequences/Sequence.js:47:14)
    at Handshake.ErrorPacket (/Users/lxd/Desktop/egg-example/node_modules/mysql/lib/protocol/sequences/Handshake.js:123:18)
    at Protocol._parsePacket (/Users/lxd/Desktop/egg-example/node_modules/mysql/lib/protocol/Protocol.js:291:23)
    at Parser._parsePacket (/Users/lxd/Desktop/egg-example/node_modules/mysql/lib/protocol/Parser.js:433:10)
    at Parser.write (/Users/lxd/Desktop/egg-example/node_modules/mysql/lib/protocol/Parser.js:43:10)
    at Protocol.write (/Users/lxd/Desktop/egg-example/node_modules/mysql/lib/protocol/Protocol.js:38:16)
    at Socket.<anonymous> (/Users/lxd/Desktop/egg-example/node_modules/mysql/lib/Connection.js:88:28)
    at Socket.<anonymous> (/Users/lxd/Desktop/egg-example/node_modules/mysql/lib/Connection.js:526:10)
    at Socket.emit (events.js:310:20)
    at addChunk (_stream_readable.js:286:12)
    --------------------
    at Protocol._enqueue (/Users/lxd/Desktop/egg-example/node_modules/mysql/lib/protocol/Protocol.js:144:48)
    at Protocol.handshake (/Users/lxd/Desktop/egg-example/node_modules/mysql/lib/protocol/Protocol.js:51:23)
    at PoolConnection.connect (/Users/lxd/Desktop/egg-example/node_modules/mysql/lib/Connection.js:116:18)
    at Pool.getConnection (/Users/lxd/Desktop/egg-example/node_modules/mysql/lib/Pool.js:48:16)
    at /Users/lxd/Desktop/egg-example/node_modules/ali-rds/node_modules/pify/index.js:29:7
    at new Promise (<anonymous>)
    at Pool.<anonymous> (/Users/lxd/Desktop/egg-example/node_modules/ali-rds/node_modules/pify/index.js:12:10)
    at Pool.ret [as getConnection] (/Users/lxd/Desktop/egg-example/node_modules/ali-rds/node_modules/pify/index.js:56:34)
    at Pool.query (/Users/lxd/Desktop/egg-example/node_modules/mysql/lib/Pool.js:202:8)
    at /Users/lxd/Desktop/egg-example/node_modules/ali-rds/node_modules/pify/index.js:29:7
    sql: select now() as currentTime;
code: "ER_ACCESS_DENIED_ERROR"
errno: 1045
sqlMessage: "Access denied for user 'root'@'localhost' (using password: YES)"
sqlState: "28000"
fatal: true
name: "ER_ACCESS_DENIED_ERRORError"
pid: 29835
hostname: lxddeMacBook-Pro.local

2020-09-27 18:30:06,478 ERROR 32040 [-/127.0.0.1/-/8ms GET /user/insert] nodejs.ER_NO_SUCH_TABLEError: ER_NO_SUCH_TABLE: Table 'egg.posts' doesn't exist
    at Query.Sequence._packetToError (/Users/lxd/Desktop/egg-example/node_modules/mysql/lib/protocol/sequences/Sequence.js:47:14)
    at Query.ErrorPacket (/Users/lxd/Desktop/egg-example/node_modules/mysql/lib/protocol/sequences/Query.js:79:18)
    at Protocol._parsePacket (/Users/lxd/Desktop/egg-example/node_modules/mysql/lib/protocol/Protocol.js:291:23)
    at Parser._parsePacket (/Users/lxd/Desktop/egg-example/node_modules/mysql/lib/protocol/Parser.js:433:10)
    at Parser.write (/Users/lxd/Desktop/egg-example/node_modules/mysql/lib/protocol/Parser.js:43:10)
    at Protocol.write (/Users/lxd/Desktop/egg-example/node_modules/mysql/lib/protocol/Protocol.js:38:16)
    at Socket.<anonymous> (/Users/lxd/Desktop/egg-example/node_modules/mysql/lib/Connection.js:88:28)
    at Socket.<anonymous> (/Users/lxd/Desktop/egg-example/node_modules/mysql/lib/Connection.js:526:10)
    at Socket.emit (events.js:310:20)
    at addChunk (_stream_readable.js:286:12)
    --------------------
    at Pool.query (/Users/lxd/Desktop/egg-example/node_modules/mysql/lib/Pool.js:199:23)
    at /Users/lxd/Desktop/egg-example/node_modules/ali-rds/node_modules/pify/index.js:29:7
    at new Promise (<anonymous>)
    at Pool.<anonymous> (/Users/lxd/Desktop/egg-example/node_modules/ali-rds/node_modules/pify/index.js:12:10)
    at Pool.ret [as query] (/Users/lxd/Desktop/egg-example/node_modules/ali-rds/node_modules/pify/index.js:56:34)
    at RDSClient.proto._query (/Users/lxd/Desktop/egg-example/node_modules/ali-rds/lib/client.js:38:20)
    at RDSClient.proto.query (/Users/lxd/Desktop/egg-example/node_modules/ali-rds/lib/operator.js:54:29)
    at proto.query.next (<anonymous>)
    at onFulfilled (/Users/lxd/Desktop/egg-example/node_modules/co/index.js:65:19)
    at /Users/lxd/Desktop/egg-example/node_modules/co/index.js:54:5
    sql: INSERT INTO `posts`(`id`, `name`, `pwd`) VALUES(2, 'user2', '123')
code: "ER_NO_SUCH_TABLE"
errno: 1146
sqlMessage: "Table 'egg.posts' doesn't exist"
sqlState: "42S02"
index: 0
sql: "INSERT INTO `posts`(`id`, `name`, `pwd`) VALUES(2, 'user2', '123')"
name: "ER_NO_SUCH_TABLEError"
pid: 32040
hostname: lxddeMacBook-Pro.local

2020-09-27 18:31:25,275 ERROR 32100 [-/127.0.0.1/-/8ms GET /user/insert] nodejs.ER_NO_SUCH_TABLEError: ER_NO_SUCH_TABLE: Table 'egg.posts' doesn't exist
    at Query.Sequence._packetToError (/Users/lxd/Desktop/egg-example/node_modules/mysql/lib/protocol/sequences/Sequence.js:47:14)
    at Query.ErrorPacket (/Users/lxd/Desktop/egg-example/node_modules/mysql/lib/protocol/sequences/Query.js:79:18)
    at Protocol._parsePacket (/Users/lxd/Desktop/egg-example/node_modules/mysql/lib/protocol/Protocol.js:291:23)
    at Parser._parsePacket (/Users/lxd/Desktop/egg-example/node_modules/mysql/lib/protocol/Parser.js:433:10)
    at Parser.write (/Users/lxd/Desktop/egg-example/node_modules/mysql/lib/protocol/Parser.js:43:10)
    at Protocol.write (/Users/lxd/Desktop/egg-example/node_modules/mysql/lib/protocol/Protocol.js:38:16)
    at Socket.<anonymous> (/Users/lxd/Desktop/egg-example/node_modules/mysql/lib/Connection.js:88:28)
    at Socket.<anonymous> (/Users/lxd/Desktop/egg-example/node_modules/mysql/lib/Connection.js:526:10)
    at Socket.emit (events.js:310:20)
    at addChunk (_stream_readable.js:286:12)
    --------------------
    at Pool.query (/Users/lxd/Desktop/egg-example/node_modules/mysql/lib/Pool.js:199:23)
    at /Users/lxd/Desktop/egg-example/node_modules/ali-rds/node_modules/pify/index.js:29:7
    at new Promise (<anonymous>)
    at Pool.<anonymous> (/Users/lxd/Desktop/egg-example/node_modules/ali-rds/node_modules/pify/index.js:12:10)
    at Pool.ret [as query] (/Users/lxd/Desktop/egg-example/node_modules/ali-rds/node_modules/pify/index.js:56:34)
    at RDSClient.proto._query (/Users/lxd/Desktop/egg-example/node_modules/ali-rds/lib/client.js:38:20)
    at RDSClient.proto.query (/Users/lxd/Desktop/egg-example/node_modules/ali-rds/lib/operator.js:54:29)
    at proto.query.next (<anonymous>)
    at onFulfilled (/Users/lxd/Desktop/egg-example/node_modules/co/index.js:65:19)
    at /Users/lxd/Desktop/egg-example/node_modules/co/index.js:54:5
    sql: INSERT INTO `posts`(`id`, `name`, `pwd`) VALUES(2, 'user2', '123')
code: "ER_NO_SUCH_TABLE"
errno: 1146
sqlMessage: "Table 'egg.posts' doesn't exist"
sqlState: "42S02"
index: 0
sql: "INSERT INTO `posts`(`id`, `name`, `pwd`) VALUES(2, 'user2', '123')"
name: "ER_NO_SUCH_TABLEError"
pid: 32100
hostname: lxddeMacBook-Pro.local

2020-09-27 18:32:43,001 ERROR 32141 [-/127.0.0.1/-/9ms GET /user/insert] nodejs.ER_NO_SUCH_TABLEError: ER_NO_SUCH_TABLE: Table 'egg.posts' doesn't exist
    at Query.Sequence._packetToError (/Users/lxd/Desktop/egg-example/node_modules/mysql/lib/protocol/sequences/Sequence.js:47:14)
    at Query.ErrorPacket (/Users/lxd/Desktop/egg-example/node_modules/mysql/lib/protocol/sequences/Query.js:79:18)
    at Protocol._parsePacket (/Users/lxd/Desktop/egg-example/node_modules/mysql/lib/protocol/Protocol.js:291:23)
    at Parser._parsePacket (/Users/lxd/Desktop/egg-example/node_modules/mysql/lib/protocol/Parser.js:433:10)
    at Parser.write (/Users/lxd/Desktop/egg-example/node_modules/mysql/lib/protocol/Parser.js:43:10)
    at Protocol.write (/Users/lxd/Desktop/egg-example/node_modules/mysql/lib/protocol/Protocol.js:38:16)
    at Socket.<anonymous> (/Users/lxd/Desktop/egg-example/node_modules/mysql/lib/Connection.js:88:28)
    at Socket.<anonymous> (/Users/lxd/Desktop/egg-example/node_modules/mysql/lib/Connection.js:526:10)
    at Socket.emit (events.js:310:20)
    at addChunk (_stream_readable.js:286:12)
    --------------------
    at Pool.query (/Users/lxd/Desktop/egg-example/node_modules/mysql/lib/Pool.js:199:23)
    at /Users/lxd/Desktop/egg-example/node_modules/ali-rds/node_modules/pify/index.js:29:7
    at new Promise (<anonymous>)
    at Pool.<anonymous> (/Users/lxd/Desktop/egg-example/node_modules/ali-rds/node_modules/pify/index.js:12:10)
    at Pool.ret [as query] (/Users/lxd/Desktop/egg-example/node_modules/ali-rds/node_modules/pify/index.js:56:34)
    at RDSClient.proto._query (/Users/lxd/Desktop/egg-example/node_modules/ali-rds/lib/client.js:38:20)
    at RDSClient.proto.query (/Users/lxd/Desktop/egg-example/node_modules/ali-rds/lib/operator.js:54:29)
    at proto.query.next (<anonymous>)
    at onFulfilled (/Users/lxd/Desktop/egg-example/node_modules/co/index.js:65:19)
    at /Users/lxd/Desktop/egg-example/node_modules/co/index.js:54:5
    sql: INSERT INTO `posts`(`id`, `name`, `pwd`) VALUES(2, 'user2', '123')
code: "ER_NO_SUCH_TABLE"
errno: 1146
sqlMessage: "Table 'egg.posts' doesn't exist"
sqlState: "42S02"
index: 0
sql: "INSERT INTO `posts`(`id`, `name`, `pwd`) VALUES(2, 'user2', '123')"
name: "ER_NO_SUCH_TABLEError"
pid: 32141
hostname: lxddeMacBook-Pro.local

2020-09-27 18:34:31,419 ERROR 32174 [-/127.0.0.1/-/3ms GET /user/insert] nodejs.ER_DUP_ENTRYError: ER_DUP_ENTRY: Duplicate entry '2' for key 'user.PRIMARY'
    at Query.Sequence._packetToError (/Users/lxd/Desktop/egg-example/node_modules/mysql/lib/protocol/sequences/Sequence.js:47:14)
    at Query.ErrorPacket (/Users/lxd/Desktop/egg-example/node_modules/mysql/lib/protocol/sequences/Query.js:79:18)
    at Protocol._parsePacket (/Users/lxd/Desktop/egg-example/node_modules/mysql/lib/protocol/Protocol.js:291:23)
    at Parser._parsePacket (/Users/lxd/Desktop/egg-example/node_modules/mysql/lib/protocol/Parser.js:433:10)
    at Parser.write (/Users/lxd/Desktop/egg-example/node_modules/mysql/lib/protocol/Parser.js:43:10)
    at Protocol.write (/Users/lxd/Desktop/egg-example/node_modules/mysql/lib/protocol/Protocol.js:38:16)
    at Socket.<anonymous> (/Users/lxd/Desktop/egg-example/node_modules/mysql/lib/Connection.js:88:28)
    at Socket.<anonymous> (/Users/lxd/Desktop/egg-example/node_modules/mysql/lib/Connection.js:526:10)
    at Socket.emit (events.js:310:20)
    at addChunk (_stream_readable.js:286:12)
    --------------------
    at Pool.query (/Users/lxd/Desktop/egg-example/node_modules/mysql/lib/Pool.js:199:23)
    at /Users/lxd/Desktop/egg-example/node_modules/ali-rds/node_modules/pify/index.js:29:7
    at new Promise (<anonymous>)
    at Pool.<anonymous> (/Users/lxd/Desktop/egg-example/node_modules/ali-rds/node_modules/pify/index.js:12:10)
    at Pool.ret [as query] (/Users/lxd/Desktop/egg-example/node_modules/ali-rds/node_modules/pify/index.js:56:34)
    at RDSClient.proto._query (/Users/lxd/Desktop/egg-example/node_modules/ali-rds/lib/client.js:38:20)
    at RDSClient.proto.query (/Users/lxd/Desktop/egg-example/node_modules/ali-rds/lib/operator.js:54:29)
    at proto.query.next (<anonymous>)
    at onFulfilled (/Users/lxd/Desktop/egg-example/node_modules/co/index.js:65:19)
    at /Users/lxd/Desktop/egg-example/node_modules/co/index.js:54:5
    sql: INSERT INTO `user`(`id`, `name`, `pwd`) VALUES(2, 'user2', '123')
code: "ER_DUP_ENTRY"
errno: 1062
sqlMessage: "Duplicate entry '2' for key 'user.PRIMARY'"
sqlState: "23000"
index: 0
sql: "INSERT INTO `user`(`id`, `name`, `pwd`) VALUES(2, 'user2', '123')"
name: "ER_DUP_ENTRYError"
pid: 32174
hostname: lxddeMacBook-Pro.local

2020-09-27 18:34:34,956 ERROR 32174 [-/127.0.0.1/-/2ms GET /user/insert] nodejs.ER_DUP_ENTRYError: ER_DUP_ENTRY: Duplicate entry '2' for key 'user.PRIMARY'
    at Query.Sequence._packetToError (/Users/lxd/Desktop/egg-example/node_modules/mysql/lib/protocol/sequences/Sequence.js:47:14)
    at Query.ErrorPacket (/Users/lxd/Desktop/egg-example/node_modules/mysql/lib/protocol/sequences/Query.js:79:18)
    at Protocol._parsePacket (/Users/lxd/Desktop/egg-example/node_modules/mysql/lib/protocol/Protocol.js:291:23)
    at Parser._parsePacket (/Users/lxd/Desktop/egg-example/node_modules/mysql/lib/protocol/Parser.js:433:10)
    at Parser.write (/Users/lxd/Desktop/egg-example/node_modules/mysql/lib/protocol/Parser.js:43:10)
    at Protocol.write (/Users/lxd/Desktop/egg-example/node_modules/mysql/lib/protocol/Protocol.js:38:16)
    at Socket.<anonymous> (/Users/lxd/Desktop/egg-example/node_modules/mysql/lib/Connection.js:88:28)
    at Socket.<anonymous> (/Users/lxd/Desktop/egg-example/node_modules/mysql/lib/Connection.js:526:10)
    at Socket.emit (events.js:310:20)
    at addChunk (_stream_readable.js:286:12)
    --------------------
    at Pool.query (/Users/lxd/Desktop/egg-example/node_modules/mysql/lib/Pool.js:199:23)
    at /Users/lxd/Desktop/egg-example/node_modules/ali-rds/node_modules/pify/index.js:29:7
    at new Promise (<anonymous>)
    at Pool.<anonymous> (/Users/lxd/Desktop/egg-example/node_modules/ali-rds/node_modules/pify/index.js:12:10)
    at Pool.ret [as query] (/Users/lxd/Desktop/egg-example/node_modules/ali-rds/node_modules/pify/index.js:56:34)
    at RDSClient.proto._query (/Users/lxd/Desktop/egg-example/node_modules/ali-rds/lib/client.js:38:20)
    at RDSClient.proto.query (/Users/lxd/Desktop/egg-example/node_modules/ali-rds/lib/operator.js:54:29)
    at proto.query.next (<anonymous>)
    at onFulfilled (/Users/lxd/Desktop/egg-example/node_modules/co/index.js:65:19)
    at /Users/lxd/Desktop/egg-example/node_modules/co/index.js:54:5
    sql: INSERT INTO `user`(`id`, `name`, `pwd`) VALUES(2, 'user2', '123')
code: "ER_DUP_ENTRY"
errno: 1062
sqlMessage: "Duplicate entry '2' for key 'user.PRIMARY'"
sqlState: "23000"
index: 0
sql: "INSERT INTO `user`(`id`, `name`, `pwd`) VALUES(2, 'user2', '123')"
name: "ER_DUP_ENTRYError"
pid: 32174
hostname: lxddeMacBook-Pro.local

2020-09-27 18:35:00,348 ERROR 32217 [-/127.0.0.1/-/11ms GET /user/insert] nodejs.ER_DUP_ENTRYError: ER_DUP_ENTRY: Duplicate entry '2' for key 'user.PRIMARY'
    at Query.Sequence._packetToError (/Users/lxd/Desktop/egg-example/node_modules/mysql/lib/protocol/sequences/Sequence.js:47:14)
    at Query.ErrorPacket (/Users/lxd/Desktop/egg-example/node_modules/mysql/lib/protocol/sequences/Query.js:79:18)
    at Protocol._parsePacket (/Users/lxd/Desktop/egg-example/node_modules/mysql/lib/protocol/Protocol.js:291:23)
    at Parser._parsePacket (/Users/lxd/Desktop/egg-example/node_modules/mysql/lib/protocol/Parser.js:433:10)
    at Parser.write (/Users/lxd/Desktop/egg-example/node_modules/mysql/lib/protocol/Parser.js:43:10)
    at Protocol.write (/Users/lxd/Desktop/egg-example/node_modules/mysql/lib/protocol/Protocol.js:38:16)
    at Socket.<anonymous> (/Users/lxd/Desktop/egg-example/node_modules/mysql/lib/Connection.js:88:28)
    at Socket.<anonymous> (/Users/lxd/Desktop/egg-example/node_modules/mysql/lib/Connection.js:526:10)
    at Socket.emit (events.js:310:20)
    at addChunk (_stream_readable.js:286:12)
    --------------------
    at Pool.query (/Users/lxd/Desktop/egg-example/node_modules/mysql/lib/Pool.js:199:23)
    at /Users/lxd/Desktop/egg-example/node_modules/ali-rds/node_modules/pify/index.js:29:7
    at new Promise (<anonymous>)
    at Pool.<anonymous> (/Users/lxd/Desktop/egg-example/node_modules/ali-rds/node_modules/pify/index.js:12:10)
    at Pool.ret [as query] (/Users/lxd/Desktop/egg-example/node_modules/ali-rds/node_modules/pify/index.js:56:34)
    at RDSClient.proto._query (/Users/lxd/Desktop/egg-example/node_modules/ali-rds/lib/client.js:38:20)
    at RDSClient.proto.query (/Users/lxd/Desktop/egg-example/node_modules/ali-rds/lib/operator.js:54:29)
    at proto.query.next (<anonymous>)
    at onFulfilled (/Users/lxd/Desktop/egg-example/node_modules/co/index.js:65:19)
    at /Users/lxd/Desktop/egg-example/node_modules/co/index.js:54:5
    sql: INSERT INTO `user`(`id`, `name`, `pwd`) VALUES(2, 'user2', '123')
code: "ER_DUP_ENTRY"
errno: 1062
sqlMessage: "Duplicate entry '2' for key 'user.PRIMARY'"
sqlState: "23000"
index: 0
sql: "INSERT INTO `user`(`id`, `name`, `pwd`) VALUES(2, 'user2', '123')"
name: "ER_DUP_ENTRYError"
pid: 32217
hostname: lxddeMacBook-Pro.local

2020-09-27 18:35:08,679 ERROR 32217 [-/127.0.0.1/-/2ms GET /user/insert] nodejs.ER_DUP_ENTRYError: ER_DUP_ENTRY: Duplicate entry '2' for key 'user.PRIMARY'
    at Query.Sequence._packetToError (/Users/lxd/Desktop/egg-example/node_modules/mysql/lib/protocol/sequences/Sequence.js:47:14)
    at Query.ErrorPacket (/Users/lxd/Desktop/egg-example/node_modules/mysql/lib/protocol/sequences/Query.js:79:18)
    at Protocol._parsePacket (/Users/lxd/Desktop/egg-example/node_modules/mysql/lib/protocol/Protocol.js:291:23)
    at Parser._parsePacket (/Users/lxd/Desktop/egg-example/node_modules/mysql/lib/protocol/Parser.js:433:10)
    at Parser.write (/Users/lxd/Desktop/egg-example/node_modules/mysql/lib/protocol/Parser.js:43:10)
    at Protocol.write (/Users/lxd/Desktop/egg-example/node_modules/mysql/lib/protocol/Protocol.js:38:16)
    at Socket.<anonymous> (/Users/lxd/Desktop/egg-example/node_modules/mysql/lib/Connection.js:88:28)
    at Socket.<anonymous> (/Users/lxd/Desktop/egg-example/node_modules/mysql/lib/Connection.js:526:10)
    at Socket.emit (events.js:310:20)
    at addChunk (_stream_readable.js:286:12)
    --------------------
    at Pool.query (/Users/lxd/Desktop/egg-example/node_modules/mysql/lib/Pool.js:199:23)
    at /Users/lxd/Desktop/egg-example/node_modules/ali-rds/node_modules/pify/index.js:29:7
    at new Promise (<anonymous>)
    at Pool.<anonymous> (/Users/lxd/Desktop/egg-example/node_modules/ali-rds/node_modules/pify/index.js:12:10)
    at Pool.ret [as query] (/Users/lxd/Desktop/egg-example/node_modules/ali-rds/node_modules/pify/index.js:56:34)
    at RDSClient.proto._query (/Users/lxd/Desktop/egg-example/node_modules/ali-rds/lib/client.js:38:20)
    at RDSClient.proto.query (/Users/lxd/Desktop/egg-example/node_modules/ali-rds/lib/operator.js:54:29)
    at proto.query.next (<anonymous>)
    at onFulfilled (/Users/lxd/Desktop/egg-example/node_modules/co/index.js:65:19)
    at /Users/lxd/Desktop/egg-example/node_modules/co/index.js:54:5
    sql: INSERT INTO `user`(`id`, `name`, `pwd`) VALUES(2, 'user2', '123')
code: "ER_DUP_ENTRY"
errno: 1062
sqlMessage: "Duplicate entry '2' for key 'user.PRIMARY'"
sqlState: "23000"
index: 0
sql: "INSERT INTO `user`(`id`, `name`, `pwd`) VALUES(2, 'user2', '123')"
name: "ER_DUP_ENTRYError"
pid: 32217
hostname: lxddeMacBook-Pro.local

2020-09-27 18:39:51,428 ERROR 32340 [-/127.0.0.1/-/9ms GET /user/insert] nodejs.ER_BAD_FIELD_ERRORError: ER_BAD_FIELD_ERROR: Unknown column 'user' in 'field list'
    at Query.Sequence._packetToError (/Users/lxd/Desktop/egg-example/node_modules/mysql/lib/protocol/sequences/Sequence.js:47:14)
    at Query.ErrorPacket (/Users/lxd/Desktop/egg-example/node_modules/mysql/lib/protocol/sequences/Query.js:79:18)
    at Protocol._parsePacket (/Users/lxd/Desktop/egg-example/node_modules/mysql/lib/protocol/Protocol.js:291:23)
    at Parser._parsePacket (/Users/lxd/Desktop/egg-example/node_modules/mysql/lib/protocol/Parser.js:433:10)
    at Parser.write (/Users/lxd/Desktop/egg-example/node_modules/mysql/lib/protocol/Parser.js:43:10)
    at Protocol.write (/Users/lxd/Desktop/egg-example/node_modules/mysql/lib/protocol/Protocol.js:38:16)
    at Socket.<anonymous> (/Users/lxd/Desktop/egg-example/node_modules/mysql/lib/Connection.js:88:28)
    at Socket.<anonymous> (/Users/lxd/Desktop/egg-example/node_modules/mysql/lib/Connection.js:526:10)
    at Socket.emit (events.js:310:20)
    at addChunk (_stream_readable.js:286:12)
    --------------------
    at Pool.query (/Users/lxd/Desktop/egg-example/node_modules/mysql/lib/Pool.js:199:23)
    at /Users/lxd/Desktop/egg-example/node_modules/ali-rds/node_modules/pify/index.js:29:7
    at new Promise (<anonymous>)
    at Pool.<anonymous> (/Users/lxd/Desktop/egg-example/node_modules/ali-rds/node_modules/pify/index.js:12:10)
    at Pool.ret [as query] (/Users/lxd/Desktop/egg-example/node_modules/ali-rds/node_modules/pify/index.js:56:34)
    at RDSClient.proto._query (/Users/lxd/Desktop/egg-example/node_modules/ali-rds/lib/client.js:38:20)
    at RDSClient.proto.query (/Users/lxd/Desktop/egg-example/node_modules/ali-rds/lib/operator.js:54:29)
    at proto.query.next (<anonymous>)
    at onFulfilled (/Users/lxd/Desktop/egg-example/node_modules/co/index.js:65:19)
    at /Users/lxd/Desktop/egg-example/node_modules/co/index.js:54:5
    sql: INSERT INTO `user`(`user`) VALUES('[object Object]')
code: "ER_BAD_FIELD_ERROR"
errno: 1054
sqlMessage: "Unknown column 'user' in 'field list'"
sqlState: "42S22"
index: 0
sql: "INSERT INTO `user`(`user`) VALUES('[object Object]')"
name: "ER_BAD_FIELD_ERRORError"
pid: 32340
hostname: lxddeMacBook-Pro.local

2020-09-27 18:42:53,679 ERROR 32340 [-/127.0.0.1/-/1ms GET /user/insert] nodejs.ER_BAD_FIELD_ERRORError: ER_BAD_FIELD_ERROR: Unknown column 'user' in 'field list'
    at Query.Sequence._packetToError (/Users/lxd/Desktop/egg-example/node_modules/mysql/lib/protocol/sequences/Sequence.js:47:14)
    at Query.ErrorPacket (/Users/lxd/Desktop/egg-example/node_modules/mysql/lib/protocol/sequences/Query.js:79:18)
    at Protocol._parsePacket (/Users/lxd/Desktop/egg-example/node_modules/mysql/lib/protocol/Protocol.js:291:23)
    at Parser._parsePacket (/Users/lxd/Desktop/egg-example/node_modules/mysql/lib/protocol/Parser.js:433:10)
    at Parser.write (/Users/lxd/Desktop/egg-example/node_modules/mysql/lib/protocol/Parser.js:43:10)
    at Protocol.write (/Users/lxd/Desktop/egg-example/node_modules/mysql/lib/protocol/Protocol.js:38:16)
    at Socket.<anonymous> (/Users/lxd/Desktop/egg-example/node_modules/mysql/lib/Connection.js:88:28)
    at Socket.<anonymous> (/Users/lxd/Desktop/egg-example/node_modules/mysql/lib/Connection.js:526:10)
    at Socket.emit (events.js:310:20)
    at addChunk (_stream_readable.js:286:12)
    --------------------
    at Pool.query (/Users/lxd/Desktop/egg-example/node_modules/mysql/lib/Pool.js:199:23)
    at /Users/lxd/Desktop/egg-example/node_modules/ali-rds/node_modules/pify/index.js:29:7
    at new Promise (<anonymous>)
    at Pool.<anonymous> (/Users/lxd/Desktop/egg-example/node_modules/ali-rds/node_modules/pify/index.js:12:10)
    at Pool.ret [as query] (/Users/lxd/Desktop/egg-example/node_modules/ali-rds/node_modules/pify/index.js:56:34)
    at RDSClient.proto._query (/Users/lxd/Desktop/egg-example/node_modules/ali-rds/lib/client.js:38:20)
    at RDSClient.proto.query (/Users/lxd/Desktop/egg-example/node_modules/ali-rds/lib/operator.js:54:29)
    at proto.query.next (<anonymous>)
    at onFulfilled (/Users/lxd/Desktop/egg-example/node_modules/co/index.js:65:19)
    at /Users/lxd/Desktop/egg-example/node_modules/co/index.js:54:5
    sql: INSERT INTO `user`(`user`) VALUES('[object Object]')
code: "ER_BAD_FIELD_ERROR"
errno: 1054
sqlMessage: "Unknown column 'user' in 'field list'"
sqlState: "42S22"
index: 0
sql: "INSERT INTO `user`(`user`) VALUES('[object Object]')"
name: "ER_BAD_FIELD_ERRORError"
pid: 32340
hostname: lxddeMacBook-Pro.local

2020-09-27 18:43:09,512 ERROR 32459 [-/127.0.0.1/-/9ms GET /user/insert] nodejs.ER_NO_SUCH_TABLEError: ER_NO_SUCH_TABLE: Table 'egg.egg' doesn't exist
    at Query.Sequence._packetToError (/Users/lxd/Desktop/egg-example/node_modules/mysql/lib/protocol/sequences/Sequence.js:47:14)
    at Query.ErrorPacket (/Users/lxd/Desktop/egg-example/node_modules/mysql/lib/protocol/sequences/Query.js:79:18)
    at Protocol._parsePacket (/Users/lxd/Desktop/egg-example/node_modules/mysql/lib/protocol/Protocol.js:291:23)
    at Parser._parsePacket (/Users/lxd/Desktop/egg-example/node_modules/mysql/lib/protocol/Parser.js:433:10)
    at Parser.write (/Users/lxd/Desktop/egg-example/node_modules/mysql/lib/protocol/Parser.js:43:10)
    at Protocol.write (/Users/lxd/Desktop/egg-example/node_modules/mysql/lib/protocol/Protocol.js:38:16)
    at Socket.<anonymous> (/Users/lxd/Desktop/egg-example/node_modules/mysql/lib/Connection.js:88:28)
    at Socket.<anonymous> (/Users/lxd/Desktop/egg-example/node_modules/mysql/lib/Connection.js:526:10)
    at Socket.emit (events.js:310:20)
    at addChunk (_stream_readable.js:286:12)
    --------------------
    at Pool.query (/Users/lxd/Desktop/egg-example/node_modules/mysql/lib/Pool.js:199:23)
    at /Users/lxd/Desktop/egg-example/node_modules/ali-rds/node_modules/pify/index.js:29:7
    at new Promise (<anonymous>)
    at Pool.<anonymous> (/Users/lxd/Desktop/egg-example/node_modules/ali-rds/node_modules/pify/index.js:12:10)
    at Pool.ret [as query] (/Users/lxd/Desktop/egg-example/node_modules/ali-rds/node_modules/pify/index.js:56:34)
    at RDSClient.proto._query (/Users/lxd/Desktop/egg-example/node_modules/ali-rds/lib/client.js:38:20)
    at RDSClient.proto.query (/Users/lxd/Desktop/egg-example/node_modules/ali-rds/lib/operator.js:54:29)
    at proto.query.next (<anonymous>)
    at onFulfilled (/Users/lxd/Desktop/egg-example/node_modules/co/index.js:65:19)
    at /Users/lxd/Desktop/egg-example/node_modules/co/index.js:54:5
    sql: INSERT INTO `egg`(`user`) VALUES('[object Object]')
code: "ER_NO_SUCH_TABLE"
errno: 1146
sqlMessage: "Table 'egg.egg' doesn't exist"
sqlState: "42S02"
index: 0
sql: "INSERT INTO `egg`(`user`) VALUES('[object Object]')"
name: "ER_NO_SUCH_TABLEError"
pid: 32459
hostname: lxddeMacBook-Pro.local

2020-09-27 18:43:21,560 ERROR 32473 [-/127.0.0.1/-/8ms GET /user/insert] nodejs.ER_BAD_FIELD_ERRORError: ER_BAD_FIELD_ERROR: Unknown column 'user' in 'field list'
    at Query.Sequence._packetToError (/Users/lxd/Desktop/egg-example/node_modules/mysql/lib/protocol/sequences/Sequence.js:47:14)
    at Query.ErrorPacket (/Users/lxd/Desktop/egg-example/node_modules/mysql/lib/protocol/sequences/Query.js:79:18)
    at Protocol._parsePacket (/Users/lxd/Desktop/egg-example/node_modules/mysql/lib/protocol/Protocol.js:291:23)
    at Parser._parsePacket (/Users/lxd/Desktop/egg-example/node_modules/mysql/lib/protocol/Parser.js:433:10)
    at Parser.write (/Users/lxd/Desktop/egg-example/node_modules/mysql/lib/protocol/Parser.js:43:10)
    at Protocol.write (/Users/lxd/Desktop/egg-example/node_modules/mysql/lib/protocol/Protocol.js:38:16)
    at Socket.<anonymous> (/Users/lxd/Desktop/egg-example/node_modules/mysql/lib/Connection.js:88:28)
    at Socket.<anonymous> (/Users/lxd/Desktop/egg-example/node_modules/mysql/lib/Connection.js:526:10)
    at Socket.emit (events.js:310:20)
    at addChunk (_stream_readable.js:286:12)
    --------------------
    at Pool.query (/Users/lxd/Desktop/egg-example/node_modules/mysql/lib/Pool.js:199:23)
    at /Users/lxd/Desktop/egg-example/node_modules/ali-rds/node_modules/pify/index.js:29:7
    at new Promise (<anonymous>)
    at Pool.<anonymous> (/Users/lxd/Desktop/egg-example/node_modules/ali-rds/node_modules/pify/index.js:12:10)
    at Pool.ret [as query] (/Users/lxd/Desktop/egg-example/node_modules/ali-rds/node_modules/pify/index.js:56:34)
    at RDSClient.proto._query (/Users/lxd/Desktop/egg-example/node_modules/ali-rds/lib/client.js:38:20)
    at RDSClient.proto.query (/Users/lxd/Desktop/egg-example/node_modules/ali-rds/lib/operator.js:54:29)
    at proto.query.next (<anonymous>)
    at onFulfilled (/Users/lxd/Desktop/egg-example/node_modules/co/index.js:65:19)
    at /Users/lxd/Desktop/egg-example/node_modules/co/index.js:54:5
    sql: INSERT INTO `user`(`user`) VALUES('[object Object]')
code: "ER_BAD_FIELD_ERROR"
errno: 1054
sqlMessage: "Unknown column 'user' in 'field list'"
sqlState: "42S22"
index: 0
sql: "INSERT INTO `user`(`user`) VALUES('[object Object]')"
name: "ER_BAD_FIELD_ERRORError"
pid: 32473
hostname: lxddeMacBook-Pro.local

2020-09-27 18:44:35,980 ERROR 32569 [-/127.0.0.1/-/9ms GET /user/insert] nodejs.ER_DUP_ENTRYError: ER_DUP_ENTRY: Duplicate entry '2' for key 'user.PRIMARY'
    at Query.Sequence._packetToError (/Users/lxd/Desktop/egg-example/node_modules/mysql/lib/protocol/sequences/Sequence.js:47:14)
    at Query.ErrorPacket (/Users/lxd/Desktop/egg-example/node_modules/mysql/lib/protocol/sequences/Query.js:79:18)
    at Protocol._parsePacket (/Users/lxd/Desktop/egg-example/node_modules/mysql/lib/protocol/Protocol.js:291:23)
    at Parser._parsePacket (/Users/lxd/Desktop/egg-example/node_modules/mysql/lib/protocol/Parser.js:433:10)
    at Parser.write (/Users/lxd/Desktop/egg-example/node_modules/mysql/lib/protocol/Parser.js:43:10)
    at Protocol.write (/Users/lxd/Desktop/egg-example/node_modules/mysql/lib/protocol/Protocol.js:38:16)
    at Socket.<anonymous> (/Users/lxd/Desktop/egg-example/node_modules/mysql/lib/Connection.js:88:28)
    at Socket.<anonymous> (/Users/lxd/Desktop/egg-example/node_modules/mysql/lib/Connection.js:526:10)
    at Socket.emit (events.js:310:20)
    at addChunk (_stream_readable.js:286:12)
    --------------------
    at Pool.query (/Users/lxd/Desktop/egg-example/node_modules/mysql/lib/Pool.js:199:23)
    at /Users/lxd/Desktop/egg-example/node_modules/ali-rds/node_modules/pify/index.js:29:7
    at new Promise (<anonymous>)
    at Pool.<anonymous> (/Users/lxd/Desktop/egg-example/node_modules/ali-rds/node_modules/pify/index.js:12:10)
    at Pool.ret [as query] (/Users/lxd/Desktop/egg-example/node_modules/ali-rds/node_modules/pify/index.js:56:34)
    at RDSClient.proto._query (/Users/lxd/Desktop/egg-example/node_modules/ali-rds/lib/client.js:38:20)
    at RDSClient.proto.query (/Users/lxd/Desktop/egg-example/node_modules/ali-rds/lib/operator.js:54:29)
    at proto.query.next (<anonymous>)
    at onFulfilled (/Users/lxd/Desktop/egg-example/node_modules/co/index.js:65:19)
    at /Users/lxd/Desktop/egg-example/node_modules/co/index.js:54:5
    sql: INSERT INTO `user`(`id`, `name`, `pwd`) VALUES('2', 'user2', '123')
code: "ER_DUP_ENTRY"
errno: 1062
sqlMessage: "Duplicate entry '2' for key 'user.PRIMARY'"
sqlState: "23000"
index: 0
sql: "INSERT INTO `user`(`id`, `name`, `pwd`) VALUES('2', 'user2', '123')"
name: "ER_DUP_ENTRYError"
pid: 32569
hostname: lxddeMacBook-Pro.local

2020-09-27 18:45:01,829 ERROR 32608 [-/127.0.0.1/-/9ms GET /user/insert] nodejs.ER_DUP_ENTRYError: ER_DUP_ENTRY: Duplicate entry '2' for key 'user.PRIMARY'
    at Query.Sequence._packetToError (/Users/lxd/Desktop/egg-example/node_modules/mysql/lib/protocol/sequences/Sequence.js:47:14)
    at Query.ErrorPacket (/Users/lxd/Desktop/egg-example/node_modules/mysql/lib/protocol/sequences/Query.js:79:18)
    at Protocol._parsePacket (/Users/lxd/Desktop/egg-example/node_modules/mysql/lib/protocol/Protocol.js:291:23)
    at Parser._parsePacket (/Users/lxd/Desktop/egg-example/node_modules/mysql/lib/protocol/Parser.js:433:10)
    at Parser.write (/Users/lxd/Desktop/egg-example/node_modules/mysql/lib/protocol/Parser.js:43:10)
    at Protocol.write (/Users/lxd/Desktop/egg-example/node_modules/mysql/lib/protocol/Protocol.js:38:16)
    at Socket.<anonymous> (/Users/lxd/Desktop/egg-example/node_modules/mysql/lib/Connection.js:88:28)
    at Socket.<anonymous> (/Users/lxd/Desktop/egg-example/node_modules/mysql/lib/Connection.js:526:10)
    at Socket.emit (events.js:310:20)
    at addChunk (_stream_readable.js:286:12)
    --------------------
    at Pool.query (/Users/lxd/Desktop/egg-example/node_modules/mysql/lib/Pool.js:199:23)
    at /Users/lxd/Desktop/egg-example/node_modules/ali-rds/node_modules/pify/index.js:29:7
    at new Promise (<anonymous>)
    at Pool.<anonymous> (/Users/lxd/Desktop/egg-example/node_modules/ali-rds/node_modules/pify/index.js:12:10)
    at Pool.ret [as query] (/Users/lxd/Desktop/egg-example/node_modules/ali-rds/node_modules/pify/index.js:56:34)
    at RDSClient.proto._query (/Users/lxd/Desktop/egg-example/node_modules/ali-rds/lib/client.js:38:20)
    at RDSClient.proto.query (/Users/lxd/Desktop/egg-example/node_modules/ali-rds/lib/operator.js:54:29)
    at proto.query.next (<anonymous>)
    at onFulfilled (/Users/lxd/Desktop/egg-example/node_modules/co/index.js:65:19)
    at /Users/lxd/Desktop/egg-example/node_modules/co/index.js:54:5
    sql: INSERT INTO `user`(`id`, `name`, `pwd`) VALUES(2, 'user2', '123')
code: "ER_DUP_ENTRY"
errno: 1062
sqlMessage: "Duplicate entry '2' for key 'user.PRIMARY'"
sqlState: "23000"
index: 0
sql: "INSERT INTO `user`(`id`, `name`, `pwd`) VALUES(2, 'user2', '123')"
name: "ER_DUP_ENTRYError"
pid: 32608
hostname: lxddeMacBook-Pro.local

2020-09-27 18:45:35,994 ERROR 32630 [-/127.0.0.1/-/3ms GET /user/insert] nodejs.ER_DUP_ENTRYError: ER_DUP_ENTRY: Duplicate entry '4' for key 'user.PRIMARY'
    at Query.Sequence._packetToError (/Users/lxd/Desktop/egg-example/node_modules/mysql/lib/protocol/sequences/Sequence.js:47:14)
    at Query.ErrorPacket (/Users/lxd/Desktop/egg-example/node_modules/mysql/lib/protocol/sequences/Query.js:79:18)
    at Protocol._parsePacket (/Users/lxd/Desktop/egg-example/node_modules/mysql/lib/protocol/Protocol.js:291:23)
    at Parser._parsePacket (/Users/lxd/Desktop/egg-example/node_modules/mysql/lib/protocol/Parser.js:433:10)
    at Parser.write (/Users/lxd/Desktop/egg-example/node_modules/mysql/lib/protocol/Parser.js:43:10)
    at Protocol.write (/Users/lxd/Desktop/egg-example/node_modules/mysql/lib/protocol/Protocol.js:38:16)
    at Socket.<anonymous> (/Users/lxd/Desktop/egg-example/node_modules/mysql/lib/Connection.js:88:28)
    at Socket.<anonymous> (/Users/lxd/Desktop/egg-example/node_modules/mysql/lib/Connection.js:526:10)
    at Socket.emit (events.js:310:20)
    at addChunk (_stream_readable.js:286:12)
    --------------------
    at Pool.query (/Users/lxd/Desktop/egg-example/node_modules/mysql/lib/Pool.js:199:23)
    at /Users/lxd/Desktop/egg-example/node_modules/ali-rds/node_modules/pify/index.js:29:7
    at new Promise (<anonymous>)
    at Pool.<anonymous> (/Users/lxd/Desktop/egg-example/node_modules/ali-rds/node_modules/pify/index.js:12:10)
    at Pool.ret [as query] (/Users/lxd/Desktop/egg-example/node_modules/ali-rds/node_modules/pify/index.js:56:34)
    at RDSClient.proto._query (/Users/lxd/Desktop/egg-example/node_modules/ali-rds/lib/client.js:38:20)
    at RDSClient.proto.query (/Users/lxd/Desktop/egg-example/node_modules/ali-rds/lib/operator.js:54:29)
    at proto.query.next (<anonymous>)
    at onFulfilled (/Users/lxd/Desktop/egg-example/node_modules/co/index.js:65:19)
    at /Users/lxd/Desktop/egg-example/node_modules/co/index.js:54:5
    sql: INSERT INTO `user`(`id`, `name`, `pwd`) VALUES(4, 'user2', '123')
code: "ER_DUP_ENTRY"
errno: 1062
sqlMessage: "Duplicate entry '4' for key 'user.PRIMARY'"
sqlState: "23000"
index: 0
sql: "INSERT INTO `user`(`id`, `name`, `pwd`) VALUES(4, 'user2', '123')"
name: "ER_DUP_ENTRYError"
pid: 32630
hostname: lxddeMacBook-Pro.local

2020-09-27 18:49:13,675 ERROR 32759 [-/127.0.0.1/-/9ms GET /user/insert] nodejs.ReferenceError: result is not defined
    at UserController.insert (/Users/lxd/Desktop/egg-example/app/controller/user.js:32:27)
    at processTicksAndRejections (internal/process/task_queues.js:97:5)
    at async /Users/lxd/Desktop/egg-example/node_modules/egg-development/app/middleware/egg_loader_trace.js:9:50
    at async xframe (/Users/lxd/Desktop/egg-example/node_modules/egg-security/lib/middlewares/xframe.js:7:5)
    at async xssProtection (/Users/lxd/Desktop/egg-example/node_modules/egg-security/lib/middlewares/xssProtection.js:7:5)
    at async nosniff (/Users/lxd/Desktop/egg-example/node_modules/egg-security/lib/middlewares/nosniff.js:8:5)
    at async noopen (/Users/lxd/Desktop/egg-example/node_modules/egg-security/lib/middlewares/noopen.js:8:5)
    at async session (/Users/lxd/Desktop/egg-example/node_modules/koa-session/index.js:41:7)
    at async bodyParser (/Users/lxd/Desktop/egg-example/node_modules/koa-bodyparser/index.js:95:5)
    at async /Users/lxd/Desktop/egg-example/node_modules/koa-static-cache/index.js:41:56

pid: 32759
hostname: lxddeMacBook-Pro.local

2020-09-27 18:49:25,642 ERROR 32781 [-/127.0.0.1/-/8ms GET /user/insert] nodejs.ER_DUP_ENTRYError: ER_DUP_ENTRY: Duplicate entry '5' for key 'user.PRIMARY'
    at Query.Sequence._packetToError (/Users/lxd/Desktop/egg-example/node_modules/mysql/lib/protocol/sequences/Sequence.js:47:14)
    at Query.ErrorPacket (/Users/lxd/Desktop/egg-example/node_modules/mysql/lib/protocol/sequences/Query.js:79:18)
    at Protocol._parsePacket (/Users/lxd/Desktop/egg-example/node_modules/mysql/lib/protocol/Protocol.js:291:23)
    at Parser._parsePacket (/Users/lxd/Desktop/egg-example/node_modules/mysql/lib/protocol/Parser.js:433:10)
    at Parser.write (/Users/lxd/Desktop/egg-example/node_modules/mysql/lib/protocol/Parser.js:43:10)
    at Protocol.write (/Users/lxd/Desktop/egg-example/node_modules/mysql/lib/protocol/Protocol.js:38:16)
    at Socket.<anonymous> (/Users/lxd/Desktop/egg-example/node_modules/mysql/lib/Connection.js:88:28)
    at Socket.<anonymous> (/Users/lxd/Desktop/egg-example/node_modules/mysql/lib/Connection.js:526:10)
    at Socket.emit (events.js:310:20)
    at addChunk (_stream_readable.js:286:12)
    --------------------
    at Pool.query (/Users/lxd/Desktop/egg-example/node_modules/mysql/lib/Pool.js:199:23)
    at /Users/lxd/Desktop/egg-example/node_modules/ali-rds/node_modules/pify/index.js:29:7
    at new Promise (<anonymous>)
    at Pool.<anonymous> (/Users/lxd/Desktop/egg-example/node_modules/ali-rds/node_modules/pify/index.js:12:10)
    at Pool.ret [as query] (/Users/lxd/Desktop/egg-example/node_modules/ali-rds/node_modules/pify/index.js:56:34)
    at RDSClient.proto._query (/Users/lxd/Desktop/egg-example/node_modules/ali-rds/lib/client.js:38:20)
    at RDSClient.proto.query (/Users/lxd/Desktop/egg-example/node_modules/ali-rds/lib/operator.js:54:29)
    at proto.query.next (<anonymous>)
    at onFulfilled (/Users/lxd/Desktop/egg-example/node_modules/co/index.js:65:19)
    at /Users/lxd/Desktop/egg-example/node_modules/co/index.js:54:5
    sql: INSERT INTO `user`(`id`, `name`, `pwd`) VALUES(5, 'user2', '123')
code: "ER_DUP_ENTRY"
errno: 1062
sqlMessage: "Duplicate entry '5' for key 'user.PRIMARY'"
sqlState: "23000"
index: 0
sql: "INSERT INTO `user`(`id`, `name`, `pwd`) VALUES(5, 'user2', '123')"
name: "ER_DUP_ENTRYError"
pid: 32781
hostname: lxddeMacBook-Pro.local

2020-09-27 18:50:35,635 ERROR 32843 [-/127.0.0.1/-/9ms GET /user/insert] nodejs.ReferenceError: alert is not defined
    at UserController.insert (/Users/lxd/Desktop/egg-example/app/controller/user.js:35:7)
    at processTicksAndRejections (internal/process/task_queues.js:97:5)
    at async /Users/lxd/Desktop/egg-example/node_modules/egg-development/app/middleware/egg_loader_trace.js:9:50
    at async xframe (/Users/lxd/Desktop/egg-example/node_modules/egg-security/lib/middlewares/xframe.js:7:5)
    at async xssProtection (/Users/lxd/Desktop/egg-example/node_modules/egg-security/lib/middlewares/xssProtection.js:7:5)
    at async nosniff (/Users/lxd/Desktop/egg-example/node_modules/egg-security/lib/middlewares/nosniff.js:8:5)
    at async noopen (/Users/lxd/Desktop/egg-example/node_modules/egg-security/lib/middlewares/noopen.js:8:5)
    at async session (/Users/lxd/Desktop/egg-example/node_modules/koa-session/index.js:41:7)
    at async bodyParser (/Users/lxd/Desktop/egg-example/node_modules/koa-bodyparser/index.js:95:5)
    at async /Users/lxd/Desktop/egg-example/node_modules/koa-static-cache/index.js:41:56

pid: 32843
hostname: lxddeMacBook-Pro.local

2020-09-27 18:50:49,770 ERROR 32861 [-/127.0.0.1/-/8ms GET /user/insert] nodejs.ER_DUP_ENTRYError: ER_DUP_ENTRY: Duplicate entry '6' for key 'user.PRIMARY'
    at Query.Sequence._packetToError (/Users/lxd/Desktop/egg-example/node_modules/mysql/lib/protocol/sequences/Sequence.js:47:14)
    at Query.ErrorPacket (/Users/lxd/Desktop/egg-example/node_modules/mysql/lib/protocol/sequences/Query.js:79:18)
    at Protocol._parsePacket (/Users/lxd/Desktop/egg-example/node_modules/mysql/lib/protocol/Protocol.js:291:23)
    at Parser._parsePacket (/Users/lxd/Desktop/egg-example/node_modules/mysql/lib/protocol/Parser.js:433:10)
    at Parser.write (/Users/lxd/Desktop/egg-example/node_modules/mysql/lib/protocol/Parser.js:43:10)
    at Protocol.write (/Users/lxd/Desktop/egg-example/node_modules/mysql/lib/protocol/Protocol.js:38:16)
    at Socket.<anonymous> (/Users/lxd/Desktop/egg-example/node_modules/mysql/lib/Connection.js:88:28)
    at Socket.<anonymous> (/Users/lxd/Desktop/egg-example/node_modules/mysql/lib/Connection.js:526:10)
    at Socket.emit (events.js:310:20)
    at addChunk (_stream_readable.js:286:12)
    --------------------
    at Pool.query (/Users/lxd/Desktop/egg-example/node_modules/mysql/lib/Pool.js:199:23)
    at /Users/lxd/Desktop/egg-example/node_modules/ali-rds/node_modules/pify/index.js:29:7
    at new Promise (<anonymous>)
    at Pool.<anonymous> (/Users/lxd/Desktop/egg-example/node_modules/ali-rds/node_modules/pify/index.js:12:10)
    at Pool.ret [as query] (/Users/lxd/Desktop/egg-example/node_modules/ali-rds/node_modules/pify/index.js:56:34)
    at RDSClient.proto._query (/Users/lxd/Desktop/egg-example/node_modules/ali-rds/lib/client.js:38:20)
    at RDSClient.proto.query (/Users/lxd/Desktop/egg-example/node_modules/ali-rds/lib/operator.js:54:29)
    at proto.query.next (<anonymous>)
    at onFulfilled (/Users/lxd/Desktop/egg-example/node_modules/co/index.js:65:19)
    at /Users/lxd/Desktop/egg-example/node_modules/co/index.js:54:5
    sql: INSERT INTO `user`(`id`, `name`, `pwd`) VALUES(6, 'user2', '123')
code: "ER_DUP_ENTRY"
errno: 1062
sqlMessage: "Duplicate entry '6' for key 'user.PRIMARY'"
sqlState: "23000"
index: 0
sql: "INSERT INTO `user`(`id`, `name`, `pwd`) VALUES(6, 'user2', '123')"
name: "ER_DUP_ENTRYError"
pid: 32861
hostname: lxddeMacBook-Pro.local

2020-09-27 18:51:08,820 ERROR 32883 [-/127.0.0.1/-/4ms GET /user/insert] nodejs.ER_DUP_ENTRYError: ER_DUP_ENTRY: Duplicate entry '7' for key 'user.PRIMARY'
    at Query.Sequence._packetToError (/Users/lxd/Desktop/egg-example/node_modules/mysql/lib/protocol/sequences/Sequence.js:47:14)
    at Query.ErrorPacket (/Users/lxd/Desktop/egg-example/node_modules/mysql/lib/protocol/sequences/Query.js:79:18)
    at Protocol._parsePacket (/Users/lxd/Desktop/egg-example/node_modules/mysql/lib/protocol/Protocol.js:291:23)
    at Parser._parsePacket (/Users/lxd/Desktop/egg-example/node_modules/mysql/lib/protocol/Parser.js:433:10)
    at Parser.write (/Users/lxd/Desktop/egg-example/node_modules/mysql/lib/protocol/Parser.js:43:10)
    at Protocol.write (/Users/lxd/Desktop/egg-example/node_modules/mysql/lib/protocol/Protocol.js:38:16)
    at Socket.<anonymous> (/Users/lxd/Desktop/egg-example/node_modules/mysql/lib/Connection.js:88:28)
    at Socket.<anonymous> (/Users/lxd/Desktop/egg-example/node_modules/mysql/lib/Connection.js:526:10)
    at Socket.emit (events.js:310:20)
    at addChunk (_stream_readable.js:286:12)
    --------------------
    at Pool.query (/Users/lxd/Desktop/egg-example/node_modules/mysql/lib/Pool.js:199:23)
    at /Users/lxd/Desktop/egg-example/node_modules/ali-rds/node_modules/pify/index.js:29:7
    at new Promise (<anonymous>)
    at Pool.<anonymous> (/Users/lxd/Desktop/egg-example/node_modules/ali-rds/node_modules/pify/index.js:12:10)
    at Pool.ret [as query] (/Users/lxd/Desktop/egg-example/node_modules/ali-rds/node_modules/pify/index.js:56:34)
    at RDSClient.proto._query (/Users/lxd/Desktop/egg-example/node_modules/ali-rds/lib/client.js:38:20)
    at RDSClient.proto.query (/Users/lxd/Desktop/egg-example/node_modules/ali-rds/lib/operator.js:54:29)
    at proto.query.next (<anonymous>)
    at onFulfilled (/Users/lxd/Desktop/egg-example/node_modules/co/index.js:65:19)
    at /Users/lxd/Desktop/egg-example/node_modules/co/index.js:54:5
    sql: INSERT INTO `user`(`id`, `name`, `pwd`) VALUES(7, 'user2', '123')
code: "ER_DUP_ENTRY"
errno: 1062
sqlMessage: "Duplicate entry '7' for key 'user.PRIMARY'"
sqlState: "23000"
index: 0
sql: "INSERT INTO `user`(`id`, `name`, `pwd`) VALUES(7, 'user2', '123')"
name: "ER_DUP_ENTRYError"
pid: 32883
hostname: lxddeMacBook-Pro.local

2020-09-27 18:51:41,219 ERROR 32915 [-/127.0.0.1/-/8ms GET /user/insert] nodejs.ER_DUP_ENTRYError: ER_DUP_ENTRY: Duplicate entry '7' for key 'user.PRIMARY'
    at Query.Sequence._packetToError (/Users/lxd/Desktop/egg-example/node_modules/mysql/lib/protocol/sequences/Sequence.js:47:14)
    at Query.ErrorPacket (/Users/lxd/Desktop/egg-example/node_modules/mysql/lib/protocol/sequences/Query.js:79:18)
    at Protocol._parsePacket (/Users/lxd/Desktop/egg-example/node_modules/mysql/lib/protocol/Protocol.js:291:23)
    at Parser._parsePacket (/Users/lxd/Desktop/egg-example/node_modules/mysql/lib/protocol/Parser.js:433:10)
    at Parser.write (/Users/lxd/Desktop/egg-example/node_modules/mysql/lib/protocol/Parser.js:43:10)
    at Protocol.write (/Users/lxd/Desktop/egg-example/node_modules/mysql/lib/protocol/Protocol.js:38:16)
    at Socket.<anonymous> (/Users/lxd/Desktop/egg-example/node_modules/mysql/lib/Connection.js:88:28)
    at Socket.<anonymous> (/Users/lxd/Desktop/egg-example/node_modules/mysql/lib/Connection.js:526:10)
    at Socket.emit (events.js:310:20)
    at addChunk (_stream_readable.js:286:12)
    --------------------
    at Pool.query (/Users/lxd/Desktop/egg-example/node_modules/mysql/lib/Pool.js:199:23)
    at /Users/lxd/Desktop/egg-example/node_modules/ali-rds/node_modules/pify/index.js:29:7
    at new Promise (<anonymous>)
    at Pool.<anonymous> (/Users/lxd/Desktop/egg-example/node_modules/ali-rds/node_modules/pify/index.js:12:10)
    at Pool.ret [as query] (/Users/lxd/Desktop/egg-example/node_modules/ali-rds/node_modules/pify/index.js:56:34)
    at RDSClient.proto._query (/Users/lxd/Desktop/egg-example/node_modules/ali-rds/lib/client.js:38:20)
    at RDSClient.proto.query (/Users/lxd/Desktop/egg-example/node_modules/ali-rds/lib/operator.js:54:29)
    at proto.query.next (<anonymous>)
    at onFulfilled (/Users/lxd/Desktop/egg-example/node_modules/co/index.js:65:19)
    at /Users/lxd/Desktop/egg-example/node_modules/co/index.js:54:5
    sql: INSERT INTO `user`(`id`, `name`, `pwd`) VALUES(7, 'user2', '123')
code: "ER_DUP_ENTRY"
errno: 1062
sqlMessage: "Duplicate entry '7' for key 'user.PRIMARY'"
sqlState: "23000"
index: 0
sql: "INSERT INTO `user`(`id`, `name`, `pwd`) VALUES(7, 'user2', '123')"
name: "ER_DUP_ENTRYError"
pid: 32915
hostname: lxddeMacBook-Pro.local

2020-09-27 18:51:59,227 ERROR 32932 [-/127.0.0.1/-/9ms GET /user/insert] nodejs.ER_DUP_ENTRYError: ER_DUP_ENTRY: Duplicate entry '7' for key 'user.PRIMARY'
    at Query.Sequence._packetToError (/Users/lxd/Desktop/egg-example/node_modules/mysql/lib/protocol/sequences/Sequence.js:47:14)
    at Query.ErrorPacket (/Users/lxd/Desktop/egg-example/node_modules/mysql/lib/protocol/sequences/Query.js:79:18)
    at Protocol._parsePacket (/Users/lxd/Desktop/egg-example/node_modules/mysql/lib/protocol/Protocol.js:291:23)
    at Parser._parsePacket (/Users/lxd/Desktop/egg-example/node_modules/mysql/lib/protocol/Parser.js:433:10)
    at Parser.write (/Users/lxd/Desktop/egg-example/node_modules/mysql/lib/protocol/Parser.js:43:10)
    at Protocol.write (/Users/lxd/Desktop/egg-example/node_modules/mysql/lib/protocol/Protocol.js:38:16)
    at Socket.<anonymous> (/Users/lxd/Desktop/egg-example/node_modules/mysql/lib/Connection.js:88:28)
    at Socket.<anonymous> (/Users/lxd/Desktop/egg-example/node_modules/mysql/lib/Connection.js:526:10)
    at Socket.emit (events.js:310:20)
    at addChunk (_stream_readable.js:286:12)
    --------------------
    at Pool.query (/Users/lxd/Desktop/egg-example/node_modules/mysql/lib/Pool.js:199:23)
    at /Users/lxd/Desktop/egg-example/node_modules/ali-rds/node_modules/pify/index.js:29:7
    at new Promise (<anonymous>)
    at Pool.<anonymous> (/Users/lxd/Desktop/egg-example/node_modules/ali-rds/node_modules/pify/index.js:12:10)
    at Pool.ret [as query] (/Users/lxd/Desktop/egg-example/node_modules/ali-rds/node_modules/pify/index.js:56:34)
    at RDSClient.proto._query (/Users/lxd/Desktop/egg-example/node_modules/ali-rds/lib/client.js:38:20)
    at RDSClient.proto.query (/Users/lxd/Desktop/egg-example/node_modules/ali-rds/lib/operator.js:54:29)
    at proto.query.next (<anonymous>)
    at onFulfilled (/Users/lxd/Desktop/egg-example/node_modules/co/index.js:65:19)
    at /Users/lxd/Desktop/egg-example/node_modules/co/index.js:54:5
    sql: INSERT INTO `user`(`id`, `name`, `pwd`) VALUES(7, 'user2', '123')
code: "ER_DUP_ENTRY"
errno: 1062
sqlMessage: "Duplicate entry '7' for key 'user.PRIMARY'"
sqlState: "23000"
index: 0
sql: "INSERT INTO `user`(`id`, `name`, `pwd`) VALUES(7, 'user2', '123')"
name: "ER_DUP_ENTRYError"
pid: 32932
hostname: lxddeMacBook-Pro.local

2020-09-27 18:52:30,054 ERROR 32953 [-/127.0.0.1/-/9ms GET /user/insert] nodejs.ER_DUP_ENTRYError: ER_DUP_ENTRY: Duplicate entry '7' for key 'user.PRIMARY'
    at Query.Sequence._packetToError (/Users/lxd/Desktop/egg-example/node_modules/mysql/lib/protocol/sequences/Sequence.js:47:14)
    at Query.ErrorPacket (/Users/lxd/Desktop/egg-example/node_modules/mysql/lib/protocol/sequences/Query.js:79:18)
    at Protocol._parsePacket (/Users/lxd/Desktop/egg-example/node_modules/mysql/lib/protocol/Protocol.js:291:23)
    at Parser._parsePacket (/Users/lxd/Desktop/egg-example/node_modules/mysql/lib/protocol/Parser.js:433:10)
    at Parser.write (/Users/lxd/Desktop/egg-example/node_modules/mysql/lib/protocol/Parser.js:43:10)
    at Protocol.write (/Users/lxd/Desktop/egg-example/node_modules/mysql/lib/protocol/Protocol.js:38:16)
    at Socket.<anonymous> (/Users/lxd/Desktop/egg-example/node_modules/mysql/lib/Connection.js:88:28)
    at Socket.<anonymous> (/Users/lxd/Desktop/egg-example/node_modules/mysql/lib/Connection.js:526:10)
    at Socket.emit (events.js:310:20)
    at addChunk (_stream_readable.js:286:12)
    --------------------
    at Pool.query (/Users/lxd/Desktop/egg-example/node_modules/mysql/lib/Pool.js:199:23)
    at /Users/lxd/Desktop/egg-example/node_modules/ali-rds/node_modules/pify/index.js:29:7
    at new Promise (<anonymous>)
    at Pool.<anonymous> (/Users/lxd/Desktop/egg-example/node_modules/ali-rds/node_modules/pify/index.js:12:10)
    at Pool.ret [as query] (/Users/lxd/Desktop/egg-example/node_modules/ali-rds/node_modules/pify/index.js:56:34)
    at RDSClient.proto._query (/Users/lxd/Desktop/egg-example/node_modules/ali-rds/lib/client.js:38:20)
    at RDSClient.proto.query (/Users/lxd/Desktop/egg-example/node_modules/ali-rds/lib/operator.js:54:29)
    at proto.query.next (<anonymous>)
    at onFulfilled (/Users/lxd/Desktop/egg-example/node_modules/co/index.js:65:19)
    at /Users/lxd/Desktop/egg-example/node_modules/co/index.js:54:5
    sql: INSERT INTO `user`(`id`, `name`, `pwd`) VALUES(7, 'user2', '123')
code: "ER_DUP_ENTRY"
errno: 1062
sqlMessage: "Duplicate entry '7' for key 'user.PRIMARY'"
sqlState: "23000"
index: 0
sql: "INSERT INTO `user`(`id`, `name`, `pwd`) VALUES(7, 'user2', '123')"
name: "ER_DUP_ENTRYError"
pid: 32953
hostname: lxddeMacBook-Pro.local

2020-09-27 18:53:03,379 ERROR 32974 [-/127.0.0.1/-/9ms GET /user/insert] nodejs.ER_DUP_ENTRYError: ER_DUP_ENTRY: Duplicate entry '7' for key 'user.PRIMARY'
    at Query.Sequence._packetToError (/Users/lxd/Desktop/egg-example/node_modules/mysql/lib/protocol/sequences/Sequence.js:47:14)
    at Query.ErrorPacket (/Users/lxd/Desktop/egg-example/node_modules/mysql/lib/protocol/sequences/Query.js:79:18)
    at Protocol._parsePacket (/Users/lxd/Desktop/egg-example/node_modules/mysql/lib/protocol/Protocol.js:291:23)
    at Parser._parsePacket (/Users/lxd/Desktop/egg-example/node_modules/mysql/lib/protocol/Parser.js:433:10)
    at Parser.write (/Users/lxd/Desktop/egg-example/node_modules/mysql/lib/protocol/Parser.js:43:10)
    at Protocol.write (/Users/lxd/Desktop/egg-example/node_modules/mysql/lib/protocol/Protocol.js:38:16)
    at Socket.<anonymous> (/Users/lxd/Desktop/egg-example/node_modules/mysql/lib/Connection.js:88:28)
    at Socket.<anonymous> (/Users/lxd/Desktop/egg-example/node_modules/mysql/lib/Connection.js:526:10)
    at Socket.emit (events.js:310:20)
    at addChunk (_stream_readable.js:286:12)
    --------------------
    at Pool.query (/Users/lxd/Desktop/egg-example/node_modules/mysql/lib/Pool.js:199:23)
    at /Users/lxd/Desktop/egg-example/node_modules/ali-rds/node_modules/pify/index.js:29:7
    at new Promise (<anonymous>)
    at Pool.<anonymous> (/Users/lxd/Desktop/egg-example/node_modules/ali-rds/node_modules/pify/index.js:12:10)
    at Pool.ret [as query] (/Users/lxd/Desktop/egg-example/node_modules/ali-rds/node_modules/pify/index.js:56:34)
    at RDSClient.proto._query (/Users/lxd/Desktop/egg-example/node_modules/ali-rds/lib/client.js:38:20)
    at RDSClient.proto.query (/Users/lxd/Desktop/egg-example/node_modules/ali-rds/lib/operator.js:54:29)
    at proto.query.next (<anonymous>)
    at onFulfilled (/Users/lxd/Desktop/egg-example/node_modules/co/index.js:65:19)
    at /Users/lxd/Desktop/egg-example/node_modules/co/index.js:54:5
    sql: INSERT INTO `user`(`id`, `name`, `pwd`) VALUES(7, 'user2', '123')
code: "ER_DUP_ENTRY"
errno: 1062
sqlMessage: "Duplicate entry '7' for key 'user.PRIMARY'"
sqlState: "23000"
index: 0
sql: "INSERT INTO `user`(`id`, `name`, `pwd`) VALUES(7, 'user2', '123')"
name: "ER_DUP_ENTRYError"
pid: 32974
hostname: lxddeMacBook-Pro.local

2020-09-27 18:54:34,325 ERROR 33033 [-/127.0.0.1/-/9ms GET /user/insert] nodejs.ER_DUP_ENTRYError: ER_DUP_ENTRY: Duplicate entry '7' for key 'user.PRIMARY'
    at Query.Sequence._packetToError (/Users/lxd/Desktop/egg-example/node_modules/mysql/lib/protocol/sequences/Sequence.js:47:14)
    at Query.ErrorPacket (/Users/lxd/Desktop/egg-example/node_modules/mysql/lib/protocol/sequences/Query.js:79:18)
    at Protocol._parsePacket (/Users/lxd/Desktop/egg-example/node_modules/mysql/lib/protocol/Protocol.js:291:23)
    at Parser._parsePacket (/Users/lxd/Desktop/egg-example/node_modules/mysql/lib/protocol/Parser.js:433:10)
    at Parser.write (/Users/lxd/Desktop/egg-example/node_modules/mysql/lib/protocol/Parser.js:43:10)
    at Protocol.write (/Users/lxd/Desktop/egg-example/node_modules/mysql/lib/protocol/Protocol.js:38:16)
    at Socket.<anonymous> (/Users/lxd/Desktop/egg-example/node_modules/mysql/lib/Connection.js:88:28)
    at Socket.<anonymous> (/Users/lxd/Desktop/egg-example/node_modules/mysql/lib/Connection.js:526:10)
    at Socket.emit (events.js:310:20)
    at addChunk (_stream_readable.js:286:12)
    --------------------
    at Pool.query (/Users/lxd/Desktop/egg-example/node_modules/mysql/lib/Pool.js:199:23)
    at /Users/lxd/Desktop/egg-example/node_modules/ali-rds/node_modules/pify/index.js:29:7
    at new Promise (<anonymous>)
    at Pool.<anonymous> (/Users/lxd/Desktop/egg-example/node_modules/ali-rds/node_modules/pify/index.js:12:10)
    at Pool.ret [as query] (/Users/lxd/Desktop/egg-example/node_modules/ali-rds/node_modules/pify/index.js:56:34)
    at RDSClient.proto._query (/Users/lxd/Desktop/egg-example/node_modules/ali-rds/lib/client.js:38:20)
    at RDSClient.proto.query (/Users/lxd/Desktop/egg-example/node_modules/ali-rds/lib/operator.js:54:29)
    at proto.query.next (<anonymous>)
    at onFulfilled (/Users/lxd/Desktop/egg-example/node_modules/co/index.js:65:19)
    at /Users/lxd/Desktop/egg-example/node_modules/co/index.js:54:5
    sql: INSERT INTO `user`(`id`, `name`, `pwd`) VALUES(7, 'user2', '123')
code: "ER_DUP_ENTRY"
errno: 1062
sqlMessage: "Duplicate entry '7' for key 'user.PRIMARY'"
sqlState: "23000"
index: 0
sql: "INSERT INTO `user`(`id`, `name`, `pwd`) VALUES(7, 'user2', '123')"
name: "ER_DUP_ENTRYError"
pid: 33033
hostname: lxddeMacBook-Pro.local

2020-09-27 18:54:54,691 ERROR 33055 [-/127.0.0.1/-/9ms GET /user/insert] nodejs.ER_DUP_ENTRYError: ER_DUP_ENTRY: Duplicate entry '7' for key 'user.PRIMARY'
    at Query.Sequence._packetToError (/Users/lxd/Desktop/egg-example/node_modules/mysql/lib/protocol/sequences/Sequence.js:47:14)
    at Query.ErrorPacket (/Users/lxd/Desktop/egg-example/node_modules/mysql/lib/protocol/sequences/Query.js:79:18)
    at Protocol._parsePacket (/Users/lxd/Desktop/egg-example/node_modules/mysql/lib/protocol/Protocol.js:291:23)
    at Parser._parsePacket (/Users/lxd/Desktop/egg-example/node_modules/mysql/lib/protocol/Parser.js:433:10)
    at Parser.write (/Users/lxd/Desktop/egg-example/node_modules/mysql/lib/protocol/Parser.js:43:10)
    at Protocol.write (/Users/lxd/Desktop/egg-example/node_modules/mysql/lib/protocol/Protocol.js:38:16)
    at Socket.<anonymous> (/Users/lxd/Desktop/egg-example/node_modules/mysql/lib/Connection.js:88:28)
    at Socket.<anonymous> (/Users/lxd/Desktop/egg-example/node_modules/mysql/lib/Connection.js:526:10)
    at Socket.emit (events.js:310:20)
    at addChunk (_stream_readable.js:286:12)
    --------------------
    at Pool.query (/Users/lxd/Desktop/egg-example/node_modules/mysql/lib/Pool.js:199:23)
    at /Users/lxd/Desktop/egg-example/node_modules/ali-rds/node_modules/pify/index.js:29:7
    at new Promise (<anonymous>)
    at Pool.<anonymous> (/Users/lxd/Desktop/egg-example/node_modules/ali-rds/node_modules/pify/index.js:12:10)
    at Pool.ret [as query] (/Users/lxd/Desktop/egg-example/node_modules/ali-rds/node_modules/pify/index.js:56:34)
    at RDSClient.proto._query (/Users/lxd/Desktop/egg-example/node_modules/ali-rds/lib/client.js:38:20)
    at RDSClient.proto.query (/Users/lxd/Desktop/egg-example/node_modules/ali-rds/lib/operator.js:54:29)
    at proto.query.next (<anonymous>)
    at onFulfilled (/Users/lxd/Desktop/egg-example/node_modules/co/index.js:65:19)
    at /Users/lxd/Desktop/egg-example/node_modules/co/index.js:54:5
    sql: INSERT INTO `user`(`id`, `name`, `pwd`) VALUES(7, 'user2', '123')
code: "ER_DUP_ENTRY"
errno: 1062
sqlMessage: "Duplicate entry '7' for key 'user.PRIMARY'"
sqlState: "23000"
index: 0
sql: "INSERT INTO `user`(`id`, `name`, `pwd`) VALUES(7, 'user2', '123')"
name: "ER_DUP_ENTRYError"
pid: 33055
hostname: lxddeMacBook-Pro.local

